{"/Users/denisibanezrodriguesvieira/Documents/Projetos/master/apps/purevite/scaffolding-ui/src/App.vue": {"path":"/Users/denisibanezrodriguesvieira/Documents/Projetos/master/apps/purevite/scaffolding-ui/src/App.vue","statementMap":{"0":{"start":{"line":3,"column":0},"end":{"line":5,"column":3}},"1":{"start":{"line":6,"column":0},"end":{"line":6,"column":24}},"2":{"start":{"line":7,"column":11},"end":{"line":7,"column":25}},"3":{"start":{"line":9,"column":31},"end":{"line":9,"column":72}},"4":{"start":{"line":10,"column":2},"end":{"line":10,"column":78}},"5":{"start":{"line":11,"column":2},"end":{"line":11,"column":49}}},"fnMap":{"0":{"name":"render","decl":{"start":{"line":8,"column":9},"end":{"line":8,"column":15}},"loc":{"start":{"line":8,"column":30},"end":{"line":11,"column":1}},"line":8}},"branchMap":{},"s":{"0":1,"1":1,"2":1,"3":1,"4":1,"5":1},"f":{"0":1},"b":{},"inputSourceMap":{"0":"{","1":"\"","2":"v","3":"e","4":"r","5":"s","6":"i","7":"o","8":"n","9":"\"","10":":","11":"3","12":",","13":"\"","14":"s","15":"o","16":"u","17":"r","18":"c","19":"e","20":"s","21":"\"","22":":","23":"[","24":"]","25":",","26":"\"","27":"n","28":"a","29":"m","30":"e","31":"s","32":"\"","33":":","34":"[","35":"]","36":",","37":"\"","38":"m","39":"a","40":"p","41":"p","42":"i","43":"n","44":"g","45":"s","46":"\"","47":":","48":"\"","49":"\"","50":",","51":"\"","52":"f","53":"i","54":"l","55":"e","56":"\"","57":":","58":"\"","59":"/","60":"U","61":"s","62":"e","63":"r","64":"s","65":"/","66":"d","67":"e","68":"n","69":"i","70":"s","71":"i","72":"b","73":"a","74":"n","75":"e","76":"z","77":"r","78":"o","79":"d","80":"r","81":"i","82":"g","83":"u","84":"e","85":"s","86":"v","87":"i","88":"e","89":"i","90":"r","91":"a","92":"/","93":"D","94":"o","95":"c","96":"u","97":"m","98":"e","99":"n","100":"t","101":"s","102":"/","103":"P","104":"r","105":"o","106":"j","107":"e","108":"t","109":"o","110":"s","111":"/","112":"m","113":"a","114":"s","115":"t","116":"e","117":"r","118":"/","119":"a","120":"p","121":"p","122":"s","123":"/","124":"p","125":"u","126":"r","127":"e","128":"v","129":"i","130":"t","131":"e","132":"/","133":"s","134":"c","135":"a","136":"f","137":"f","138":"o","139":"l","140":"d","141":"i","142":"n","143":"g","144":"-","145":"u","146":"i","147":"/","148":"s","149":"r","150":"c","151":"/","152":"A","153":"p","154":"p","155":".","156":"v","157":"u","158":"e","159":"\"","160":"}"},"_coverageSchema":"1a1c01bbd47fc00a2c39e90264f33305004495a9","hash":"60c2db14fbb59587147bbcde7c1f78d558a3a1a1"}
,"/Users/denisibanezrodriguesvieira/Documents/Projetos/master/apps/purevite/scaffolding-ui/src/services/index.js": {"path":"/Users/denisibanezrodriguesvieira/Documents/Projetos/master/apps/purevite/scaffolding-ui/src/services/index.js","statementMap":{},"fnMap":{},"branchMap":{},"s":{},"f":{},"b":{},"_coverageSchema":"1a1c01bbd47fc00a2c39e90264f33305004495a9","hash":"f3af60c9e0ca7566b0a90bb9dbe4f4a2af3c3961"}
,"/Users/denisibanezrodriguesvieira/Documents/Projetos/master/apps/purevite/scaffolding-ui/src/services/interceptor.js": {"path":"/Users/denisibanezrodriguesvieira/Documents/Projetos/master/apps/purevite/scaffolding-ui/src/services/interceptor.js","statementMap":{"0":{"start":{"line":5,"column":25},"end":{"line":5,"column":39}},"1":{"start":{"line":8,"column":0},"end":{"line":19,"column":2}},"2":{"start":{"line":10,"column":25},"end":{"line":10,"column":61}},"3":{"start":{"line":11,"column":4},"end":{"line":13,"column":5}},"4":{"start":{"line":12,"column":6},"end":{"line":12,"column":62}},"5":{"start":{"line":14,"column":4},"end":{"line":14,"column":18}},"6":{"start":{"line":17,"column":4},"end":{"line":17,"column":26}},"7":{"start":{"line":22,"column":0},"end":{"line":58,"column":2}},"8":{"start":{"line":23,"column":16},"end":{"line":23,"column":24}},"9":{"start":{"line":25,"column":4},"end":{"line":25,"column":43}},"10":{"start":{"line":26,"column":4},"end":{"line":55,"column":5}},"11":{"start":{"line":43,"column":21},"end":{"line":43,"column":58}},"12":{"start":{"line":56,"column":4},"end":{"line":56,"column":33}}},"fnMap":{"0":{"name":"(anonymous_0)","decl":{"start":{"line":9,"column":2},"end":{"line":9,"column":3}},"loc":{"start":{"line":9,"column":20},"end":{"line":15,"column":3}},"line":9},"1":{"name":"(anonymous_1)","decl":{"start":{"line":16,"column":2},"end":{"line":16,"column":3}},"loc":{"start":{"line":16,"column":13},"end":{"line":18,"column":3}},"line":16},"2":{"name":"(anonymous_2)","decl":{"start":{"line":23,"column":2},"end":{"line":23,"column":3}},"loc":{"start":{"line":23,"column":16},"end":{"line":23,"column":24}},"line":23},"3":{"name":"(anonymous_3)","decl":{"start":{"line":24,"column":2},"end":{"line":24,"column":3}},"loc":{"start":{"line":24,"column":13},"end":{"line":57,"column":3}},"line":24}},"branchMap":{"0":{"loc":{"start":{"line":11,"column":4},"end":{"line":13,"column":5}},"type":"if","locations":[{"start":{"line":11,"column":4},"end":{"line":13,"column":5}},{"start":{},"end":{}}],"line":11},"1":{"loc":{"start":{"line":26,"column":4},"end":{"line":55,"column":5}},"type":"if","locations":[{"start":{"line":26,"column":4},"end":{"line":55,"column":5}},{"start":{"line":42,"column":11},"end":{"line":55,"column":5}}],"line":26},"2":{"loc":{"start":{"line":26,"column":8},"end":{"line":26,"column":70}},"type":"binary-expr","locations":[{"start":{"line":26,"column":8},"end":{"line":26,"column":37}},{"start":{"line":26,"column":41},"end":{"line":26,"column":70}}],"line":26},"3":{"loc":{"start":{"line":43,"column":21},"end":{"line":43,"column":58}},"type":"binary-expr","locations":[{"start":{"line":43,"column":21},"end":{"line":43,"column":48}},{"start":{"line":43,"column":52},"end":{"line":43,"column":58}}],"line":43}},"s":{"0":1,"1":1,"2":0,"3":0,"4":0,"5":0,"6":0,"7":1,"8":0,"9":0,"10":0,"11":0,"12":0},"f":{"0":0,"1":0,"2":0,"3":0},"b":{"0":[0,0],"1":[0,0],"2":[0,0],"3":[0,0]},"_coverageSchema":"1a1c01bbd47fc00a2c39e90264f33305004495a9","hash":"e63cf17416d668aa241b9c1ccb62eac35eeb52a4"}
,"/Users/denisibanezrodriguesvieira/Documents/Projetos/master/apps/purevite/scaffolding-ui/src/services/plugins/request.js": {"path":"/Users/denisibanezrodriguesvieira/Documents/Projetos/master/apps/purevite/scaffolding-ui/src/services/plugins/request.js","statementMap":{"0":{"start":{"line":9,"column":2},"end":{"line":16,"column":3}},"1":{"start":{"line":10,"column":16},"end":{"line":10,"column":70}},"2":{"start":{"line":11,"column":4},"end":{"line":11,"column":30}},"3":{"start":{"line":13,"column":4},"end":{"line":13,"column":26}},"4":{"start":{"line":15,"column":4},"end":{"line":15,"column":11}}},"fnMap":{"0":{"name":"(anonymous_0)","decl":{"start":{"line":3,"column":15},"end":{"line":3,"column":16}},"loc":{"start":{"line":8,"column":5},"end":{"line":17,"column":1}},"line":8},"1":{"name":"(anonymous_1)","decl":{"start":{"line":7,"column":9},"end":{"line":7,"column":10}},"loc":{"start":{"line":7,"column":15},"end":{"line":7,"column":17}},"line":7}},"branchMap":{"0":{"loc":{"start":{"line":7,"column":2},"end":{"line":7,"column":17}},"type":"default-arg","locations":[{"start":{"line":7,"column":9},"end":{"line":7,"column":17}}],"line":7}},"s":{"0":0,"1":0,"2":0,"3":0,"4":0},"f":{"0":0,"1":0},"b":{"0":[0]},"_coverageSchema":"1a1c01bbd47fc00a2c39e90264f33305004495a9","hash":"0a3b6de5c8fc4255d2af7cff94ef4a45a3087c2b"}
,"/Users/denisibanezrodriguesvieira/Documents/Projetos/master/apps/purevite/scaffolding-ui/src/services/template/example.service.js": {"path":"/Users/denisibanezrodriguesvieira/Documents/Projetos/master/apps/purevite/scaffolding-ui/src/services/template/example.service.js","statementMap":{"0":{"start":{"line":6,"column":4},"end":{"line":14,"column":6}},"1":{"start":{"line":18,"column":4},"end":{"line":27,"column":6}}},"fnMap":{"0":{"name":"(anonymous_0)","decl":{"start":{"line":5,"column":2},"end":{"line":5,"column":3}},"loc":{"start":{"line":5,"column":50},"end":{"line":15,"column":3}},"line":5},"1":{"name":"(anonymous_1)","decl":{"start":{"line":17,"column":2},"end":{"line":17,"column":3}},"loc":{"start":{"line":17,"column":51},"end":{"line":28,"column":3}},"line":17}},"branchMap":{},"s":{"0":0,"1":0},"f":{"0":0,"1":0},"b":{},"_coverageSchema":"1a1c01bbd47fc00a2c39e90264f33305004495a9","hash":"86bec36ad76a172eda861a5a7fd89b27098954bf"}
,"/Users/denisibanezrodriguesvieira/Documents/Projetos/master/apps/purevite/scaffolding-ui/src/stores/loading/loading.store.ts": {"path":"/Users/denisibanezrodriguesvieira/Documents/Projetos/master/apps/purevite/scaffolding-ui/src/stores/loading/loading.store.ts","statementMap":{"0":{"start":{"line":1,"column":0},"end":{"line":1,"column":36}},"1":{"start":{"line":3,"column":13},"end":{"line":12,"column":3}},"2":{"start":{"line":5,"column":4},"end":{"line":5,"column":36}},"3":{"start":{"line":9,"column":6},"end":{"line":9,"column":35}}},"fnMap":{"0":{"name":"(anonymous_0)","decl":{"start":{"line":4,"column":9},"end":{"line":4,"column":12}},"loc":{"start":{"line":4,"column":14},"end":{"line":6,"column":3}}},"1":{"name":"(anonymous_1)","decl":{"start":{"line":8,"column":4},"end":{"line":8,"column":20}},"loc":{"start":{"line":8,"column":37},"end":{"line":10,"column":5}}}},"branchMap":{},"s":{"0":2,"1":2,"2":2,"3":0},"f":{"0":2,"1":0},"b":{}}
,"/Users/denisibanezrodriguesvieira/Documents/Projetos/master/apps/purevite/scaffolding-ui/src/stores/snackbar/snackbar.store.ts": {"path":"/Users/denisibanezrodriguesvieira/Documents/Projetos/master/apps/purevite/scaffolding-ui/src/stores/snackbar/snackbar.store.ts","statementMap":{"0":{"start":{"line":1,"column":0},"end":{"line":1,"column":36}},"1":{"start":{"line":3,"column":13},"end":{"line":19,"column":3}},"2":{"start":{"line":4,"column":16},"end":{"line":13,"column":4}},"3":{"start":{"line":16,"column":6},"end":{"line":16,"column":36}}},"fnMap":{"0":{"name":"(anonymous_0)","decl":{"start":{"line":4,"column":9},"end":{"line":4,"column":12}},"loc":{"start":{"line":4,"column":16},"end":{"line":13,"column":4}}},"1":{"name":"(anonymous_1)","decl":{"start":{"line":15,"column":4},"end":{"line":15,"column":21}},"loc":{"start":{"line":15,"column":34},"end":{"line":17,"column":5}}}},"branchMap":{},"s":{"0":3,"1":3,"2":0,"3":0},"f":{"0":0,"1":0},"b":{}}
,"/Users/denisibanezrodriguesvieira/Documents/Projetos/master/apps/purevite/scaffolding-ui/src/views/home/Home.vue": {"path":"/Users/denisibanezrodriguesvieira/Documents/Projetos/master/apps/purevite/scaffolding-ui/src/views/home/Home.vue","statementMap":{"0":{"start":{"line":5,"column":0},"end":{"line":33,"column":1}},"1":{"start":{"line":9,"column":4},"end":{"line":11,"column":7}},"2":{"start":{"line":10,"column":6},"end":{"line":10,"column":21}},"3":{"start":{"line":13,"column":2},"end":{"line":32,"column":5}},"4":{"start":{"line":15,"column":6},"end":{"line":19,"column":7}},"5":{"start":{"line":16,"column":8},"end":{"line":16,"column":36}},"6":{"start":{"line":18,"column":8},"end":{"line":18,"column":18}},"7":{"start":{"line":22,"column":6},"end":{"line":26,"column":7}},"8":{"start":{"line":23,"column":8},"end":{"line":23,"column":40}},"9":{"start":{"line":25,"column":8},"end":{"line":25,"column":18}},"10":{"start":{"line":29,"column":6},"end":{"line":29,"column":90}},"11":{"start":{"line":31,"column":4},"end":{"line":31,"column":74}},"12":{"start":{"line":36,"column":0},"end":{"line":127,"column":1}},"13":{"start":{"line":39,"column":10},"end":{"line":49,"column":5}},"14":{"start":{"line":44,"column":8},"end":{"line":44,"column":33}},"15":{"start":{"line":44,"column":22},"end":{"line":44,"column":33}},"16":{"start":{"line":45,"column":8},"end":{"line":45,"column":20}},"17":{"start":{"line":54,"column":2},"end":{"line":60,"column":8}},"18":{"start":{"line":59,"column":4},"end":{"line":59,"column":16}},"19":{"start":{"line":62,"column":4},"end":{"line":64,"column":6}},"20":{"start":{"line":63,"column":6},"end":{"line":63,"column":26}},"21":{"start":{"line":67,"column":4},"end":{"line":67,"column":66}},"22":{"start":{"line":67,"column":11},"end":{"line":67,"column":66}},"23":{"start":{"line":68,"column":4},"end":{"line":120,"column":5}},"24":{"start":{"line":68,"column":46},"end":{"line":120,"column":5}},"25":{"start":{"line":69,"column":6},"end":{"line":69,"column":163}},"26":{"start":{"line":69,"column":154},"end":{"line":69,"column":163}},"27":{"start":{"line":70,"column":6},"end":{"line":70,"column":46}},"28":{"start":{"line":70,"column":20},"end":{"line":70,"column":46}},"29":{"start":{"line":71,"column":6},"end":{"line":113,"column":7}},"30":{"start":{"line":74,"column":10},"end":{"line":74,"column":17}},"31":{"start":{"line":75,"column":10},"end":{"line":75,"column":16}},"32":{"start":{"line":77,"column":10},"end":{"line":77,"column":20}},"33":{"start":{"line":78,"column":10},"end":{"line":81,"column":12}},"34":{"start":{"line":83,"column":10},"end":{"line":83,"column":20}},"35":{"start":{"line":84,"column":10},"end":{"line":84,"column":20}},"36":{"start":{"line":85,"column":10},"end":{"line":85,"column":19}},"37":{"start":{"line":86,"column":10},"end":{"line":86,"column":19}},"38":{"start":{"line":88,"column":10},"end":{"line":88,"column":27}},"39":{"start":{"line":89,"column":10},"end":{"line":89,"column":23}},"40":{"start":{"line":90,"column":10},"end":{"line":90,"column":19}},"41":{"start":{"line":92,"column":10},"end":{"line":95,"column":11}},"42":{"start":{"line":93,"column":12},"end":{"line":93,"column":18}},"43":{"start":{"line":94,"column":12},"end":{"line":94,"column":21}},"44":{"start":{"line":96,"column":10},"end":{"line":99,"column":11}},"45":{"start":{"line":97,"column":12},"end":{"line":97,"column":28}},"46":{"start":{"line":98,"column":12},"end":{"line":98,"column":18}},"47":{"start":{"line":100,"column":10},"end":{"line":104,"column":11}},"48":{"start":{"line":101,"column":12},"end":{"line":101,"column":27}},"49":{"start":{"line":102,"column":12},"end":{"line":102,"column":19}},"50":{"start":{"line":103,"column":12},"end":{"line":103,"column":18}},"51":{"start":{"line":105,"column":10},"end":{"line":109,"column":11}},"52":{"start":{"line":106,"column":12},"end":{"line":106,"column":27}},"53":{"start":{"line":107,"column":12},"end":{"line":107,"column":27}},"54":{"start":{"line":108,"column":12},"end":{"line":108,"column":18}},"55":{"start":{"line":110,"column":10},"end":{"line":110,"column":32}},"56":{"start":{"line":110,"column":20},"end":{"line":110,"column":32}},"57":{"start":{"line":111,"column":10},"end":{"line":111,"column":23}},"58":{"start":{"line":112,"column":10},"end":{"line":112,"column":19}},"59":{"start":{"line":114,"column":6},"end":{"line":114,"column":33}},"60":{"start":{"line":116,"column":6},"end":{"line":116,"column":18}},"61":{"start":{"line":117,"column":6},"end":{"line":117,"column":12}},"62":{"start":{"line":119,"column":6},"end":{"line":119,"column":16}},"63":{"start":{"line":121,"column":4},"end":{"line":121,"column":31}},"64":{"start":{"line":121,"column":19},"end":{"line":121,"column":31}},"65":{"start":{"line":122,"column":4},"end":{"line":125,"column":6}},"66":{"start":{"line":128,"column":0},"end":{"line":130,"column":3}},"67":{"start":{"line":131,"column":12},"end":{"line":131,"column":26}},"68":{"start":{"line":132,"column":12},"end":{"line":132,"column":26}},"69":{"start":{"line":134,"column":14},"end":{"line":134,"column":41}},"70":{"start":{"line":136,"column":25},"end":{"line":136,"column":65}},"71":{"start":{"line":138,"column":14},"end":{"line":138,"column":30}},"72":{"start":{"line":139,"column":22},"end":{"line":139,"column":63}},"73":{"start":{"line":140,"column":23},"end":{"line":140,"column":66}},"74":{"start":{"line":141,"column":0},"end":{"line":217,"column":3}},"75":{"start":{"line":148,"column":17},"end":{"line":148,"column":26}},"76":{"start":{"line":149,"column":4},"end":{"line":149,"column":13}},"77":{"start":{"line":151,"column":27},"end":{"line":151,"column":82}},"78":{"start":{"line":152,"column":28},"end":{"line":152,"column":86}},"79":{"start":{"line":153,"column":24},"end":{"line":153,"column":102}},"80":{"start":{"line":155,"column":21},"end":{"line":155,"column":42}},"81":{"start":{"line":157,"column":4},"end":{"line":159,"column":7}},"82":{"start":{"line":158,"column":6},"end":{"line":158,"column":19}},"83":{"start":{"line":162,"column":6},"end":{"line":198,"column":9}},"84":{"start":{"line":164,"column":8},"end":{"line":197,"column":11}},"85":{"start":{"line":165,"column":10},"end":{"line":196,"column":11}},"86":{"start":{"line":167,"column":14},"end":{"line":167,"column":27}},"87":{"start":{"line":168,"column":14},"end":{"line":168,"column":37}},"88":{"start":{"line":169,"column":14},"end":{"line":192,"column":18}},"89":{"start":{"line":170,"column":16},"end":{"line":170,"column":54}},"90":{"start":{"line":171,"column":16},"end":{"line":178,"column":19}},"91":{"start":{"line":180,"column":16},"end":{"line":180,"column":40}},"92":{"start":{"line":181,"column":16},"end":{"line":188,"column":19}},"93":{"start":{"line":190,"column":16},"end":{"line":190,"column":36}},"94":{"start":{"line":191,"column":16},"end":{"line":191,"column":40}},"95":{"start":{"line":194,"column":14},"end":{"line":194,"column":24}},"96":{"start":{"line":195,"column":14},"end":{"line":195,"column":36}},"97":{"start":{"line":201,"column":23},"end":{"line":210,"column":5}},"98":{"start":{"line":208,"column":8},"end":{"line":208,"column":43}},"99":{"start":{"line":211,"column":4},"end":{"line":214,"column":7}},"100":{"start":{"line":215,"column":4},"end":{"line":215,"column":24}},"101":{"start":{"line":219,"column":0},"end":{"line":219,"column":62}},"102":{"start":{"line":220,"column":0},"end":{"line":220,"column":24}},"103":{"start":{"line":221,"column":12},"end":{"line":221,"column":26}},"104":{"start":{"line":222,"column":17},"end":{"line":225,"column":1}},"105":{"start":{"line":227,"column":4},"end":{"line":236,"column":54}},"106":{"start":{"line":233,"column":78},"end":{"line":233,"column":126}},"107":{"start":{"line":238,"column":0},"end":{"line":238,"column":24}},"108":{"start":{"line":239,"column":1},"end":{"line":239,"column":48}}},"fnMap":{"0":{"name":"(anonymous_0)","decl":{"start":{"line":7,"column":22},"end":{"line":7,"column":23}},"loc":{"start":{"line":7,"column":67},"end":{"line":33,"column":1}},"line":7},"1":{"name":"adopt","decl":{"start":{"line":8,"column":11},"end":{"line":8,"column":16}},"loc":{"start":{"line":8,"column":24},"end":{"line":12,"column":3}},"line":8},"2":{"name":"(anonymous_2)","decl":{"start":{"line":9,"column":46},"end":{"line":9,"column":47}},"loc":{"start":{"line":9,"column":65},"end":{"line":11,"column":5}},"line":9},"3":{"name":"(anonymous_3)","decl":{"start":{"line":13,"column":34},"end":{"line":13,"column":35}},"loc":{"start":{"line":13,"column":61},"end":{"line":32,"column":3}},"line":13},"4":{"name":"fulfilled","decl":{"start":{"line":14,"column":13},"end":{"line":14,"column":22}},"loc":{"start":{"line":14,"column":30},"end":{"line":20,"column":5}},"line":14},"5":{"name":"rejected","decl":{"start":{"line":21,"column":13},"end":{"line":21,"column":21}},"loc":{"start":{"line":21,"column":29},"end":{"line":27,"column":5}},"line":21},"6":{"name":"step","decl":{"start":{"line":28,"column":13},"end":{"line":28,"column":17}},"loc":{"start":{"line":28,"column":26},"end":{"line":30,"column":5}},"line":28},"7":{"name":"(anonymous_7)","decl":{"start":{"line":38,"column":24},"end":{"line":38,"column":25}},"loc":{"start":{"line":38,"column":49},"end":{"line":127,"column":1}},"line":38},"8":{"name":"sent","decl":{"start":{"line":43,"column":6},"end":{"line":43,"column":10}},"loc":{"start":{"line":43,"column":13},"end":{"line":46,"column":7}},"line":43},"9":{"name":"(anonymous_9)","decl":{"start":{"line":58,"column":59},"end":{"line":58,"column":60}},"loc":{"start":{"line":58,"column":71},"end":{"line":60,"column":3}},"line":58},"10":{"name":"verb","decl":{"start":{"line":61,"column":11},"end":{"line":61,"column":15}},"loc":{"start":{"line":61,"column":19},"end":{"line":65,"column":3}},"line":61},"11":{"name":"(anonymous_11)","decl":{"start":{"line":62,"column":11},"end":{"line":62,"column":12}},"loc":{"start":{"line":62,"column":24},"end":{"line":64,"column":5}},"line":62},"12":{"name":"step","decl":{"start":{"line":66,"column":11},"end":{"line":66,"column":15}},"loc":{"start":{"line":66,"column":20},"end":{"line":126,"column":3}},"line":66},"13":{"name":"setup","decl":{"start":{"line":147,"column":2},"end":{"line":147,"column":7}},"loc":{"start":{"line":147,"column":21},"end":{"line":216,"column":3}},"line":147},"14":{"name":"(anonymous_14)","decl":{"start":{"line":157,"column":25},"end":{"line":157,"column":26}},"loc":{"start":{"line":157,"column":37},"end":{"line":159,"column":5}},"line":157},"15":{"name":"getExample","decl":{"start":{"line":161,"column":13},"end":{"line":161,"column":23}},"loc":{"start":{"line":161,"column":26},"end":{"line":199,"column":5}},"line":161},"16":{"name":"(anonymous_16)","decl":{"start":{"line":162,"column":45},"end":{"line":162,"column":46}},"loc":{"start":{"line":162,"column":57},"end":{"line":198,"column":7}},"line":162},"17":{"name":"(anonymous_17)","decl":{"start":{"line":164,"column":33},"end":{"line":164,"column":34}},"loc":{"start":{"line":164,"column":47},"end":{"line":197,"column":9}},"line":164},"18":{"name":"(anonymous_18)","decl":{"start":{"line":169,"column":71},"end":{"line":169,"column":72}},"loc":{"start":{"line":169,"column":91},"end":{"line":179,"column":15}},"line":169},"19":{"name":"(anonymous_19)","decl":{"start":{"line":179,"column":17},"end":{"line":179,"column":18}},"loc":{"start":{"line":179,"column":30},"end":{"line":189,"column":15}},"line":179},"20":{"name":"(anonymous_20)","decl":{"start":{"line":189,"column":17},"end":{"line":189,"column":18}},"loc":{"start":{"line":189,"column":29},"end":{"line":192,"column":15}},"line":189},"21":{"name":"(anonymous_21)","decl":{"start":{"line":207,"column":6},"end":{"line":207,"column":7}},"loc":{"start":{"line":207,"column":21},"end":{"line":209,"column":7}},"line":207},"22":{"name":"render","decl":{"start":{"line":226,"column":9},"end":{"line":226,"column":15}},"loc":{"start":{"line":226,"column":63},"end":{"line":237,"column":1}},"line":226},"23":{"name":"(anonymous_23)","decl":{"start":{"line":233,"column":58},"end":{"line":233,"column":59}},"loc":{"start":{"line":233,"column":76},"end":{"line":233,"column":128}},"line":233}},"branchMap":{"0":{"loc":{"start":{"line":5,"column":0},"end":{"line":33,"column":1}},"type":"binary-expr","locations":[{"start":{"line":5,"column":0},"end":{"line":5,"column":6}},{"start":{"line":7,"column":22},"end":{"line":33,"column":1}}],"line":5},"1":{"loc":{"start":{"line":9,"column":11},"end":{"line":11,"column":6}},"type":"cond-expr","locations":[{"start":{"line":9,"column":32},"end":{"line":9,"column":37}},{"start":{"line":9,"column":40},"end":{"line":11,"column":6}}],"line":9},"2":{"loc":{"start":{"line":13,"column":14},"end":{"line":13,"column":32}},"type":"binary-expr","locations":[{"start":{"line":13,"column":14},"end":{"line":13,"column":15}},{"start":{"line":13,"column":20},"end":{"line":13,"column":31}}],"line":13},"3":{"loc":{"start":{"line":29,"column":6},"end":{"line":29,"column":89}},"type":"cond-expr","locations":[{"start":{"line":29,"column":20},"end":{"line":29,"column":41}},{"start":{"line":29,"column":44},"end":{"line":29,"column":89}}],"line":29},"4":{"loc":{"start":{"line":31,"column":47},"end":{"line":31,"column":63}},"type":"binary-expr","locations":[{"start":{"line":31,"column":47},"end":{"line":31,"column":57}},{"start":{"line":31,"column":61},"end":{"line":31,"column":63}}],"line":31},"5":{"loc":{"start":{"line":36,"column":0},"end":{"line":127,"column":1}},"type":"binary-expr","locations":[{"start":{"line":36,"column":0},"end":{"line":36,"column":6}},{"start":{"line":38,"column":24},"end":{"line":127,"column":1}}],"line":36},"6":{"loc":{"start":{"line":44,"column":8},"end":{"line":44,"column":33}},"type":"if","locations":[{"start":{"line":44,"column":8},"end":{"line":44,"column":33}},{"start":{},"end":{}}],"line":44},"7":{"loc":{"start":{"line":58,"column":5},"end":{"line":60,"column":4}},"type":"binary-expr","locations":[{"start":{"line":58,"column":5},"end":{"line":58,"column":33}},{"start":{"line":58,"column":38},"end":{"line":60,"column":3}}],"line":58},"8":{"loc":{"start":{"line":67,"column":4},"end":{"line":67,"column":66}},"type":"if","locations":[{"start":{"line":67,"column":4},"end":{"line":67,"column":66}},{"start":{},"end":{}}],"line":67},"9":{"loc":{"start":{"line":68,"column":11},"end":{"line":68,"column":41}},"type":"binary-expr","locations":[{"start":{"line":68,"column":11},"end":{"line":68,"column":12}},{"start":{"line":68,"column":17},"end":{"line":68,"column":40}}],"line":68},"10":{"loc":{"start":{"line":68,"column":24},"end":{"line":68,"column":40}},"type":"binary-expr","locations":[{"start":{"line":68,"column":24},"end":{"line":68,"column":29}},{"start":{"line":68,"column":34},"end":{"line":68,"column":39}}],"line":68},"11":{"loc":{"start":{"line":69,"column":6},"end":{"line":69,"column":163}},"type":"if","locations":[{"start":{"line":69,"column":6},"end":{"line":69,"column":163}},{"start":{},"end":{}}],"line":69},"12":{"loc":{"start":{"line":69,"column":17},"end":{"line":69,"column":152}},"type":"binary-expr","locations":[{"start":{"line":69,"column":17},"end":{"line":69,"column":18}},{"start":{"line":69,"column":23},"end":{"line":69,"column":119}},{"start":{"line":69,"column":124},"end":{"line":69,"column":152}}],"line":69},"13":{"loc":{"start":{"line":69,"column":27},"end":{"line":69,"column":119}},"type":"cond-expr","locations":[{"start":{"line":69,"column":39},"end":{"line":69,"column":50}},{"start":{"line":69,"column":53},"end":{"line":69,"column":119}}],"line":69},"14":{"loc":{"start":{"line":69,"column":53},"end":{"line":69,"column":119}},"type":"cond-expr","locations":[{"start":{"line":69,"column":61},"end":{"line":69,"column":110}},{"start":{"line":69,"column":113},"end":{"line":69,"column":119}}],"line":69},"15":{"loc":{"start":{"line":69,"column":61},"end":{"line":69,"column":110}},"type":"binary-expr","locations":[{"start":{"line":69,"column":61},"end":{"line":69,"column":71}},{"start":{"line":69,"column":76},"end":{"line":69,"column":109}}],"line":69},"16":{"loc":{"start":{"line":69,"column":76},"end":{"line":69,"column":106}},"type":"binary-expr","locations":[{"start":{"line":69,"column":77},"end":{"line":69,"column":92}},{"start":{"line":69,"column":97},"end":{"line":69,"column":106}}],"line":69},"17":{"loc":{"start":{"line":70,"column":6},"end":{"line":70,"column":46}},"type":"if","locations":[{"start":{"line":70,"column":6},"end":{"line":70,"column":46}},{"start":{},"end":{}}],"line":70},"18":{"loc":{"start":{"line":71,"column":6},"end":{"line":113,"column":7}},"type":"switch","locations":[{"start":{"line":72,"column":8},"end":{"line":72,"column":15}},{"start":{"line":73,"column":8},"end":{"line":75,"column":16}},{"start":{"line":76,"column":8},"end":{"line":81,"column":12}},{"start":{"line":82,"column":8},"end":{"line":86,"column":19}},{"start":{"line":87,"column":8},"end":{"line":90,"column":19}},{"start":{"line":91,"column":8},"end":{"line":112,"column":19}}],"line":71},"19":{"loc":{"start":{"line":92,"column":10},"end":{"line":95,"column":11}},"type":"if","locations":[{"start":{"line":92,"column":10},"end":{"line":95,"column":11}},{"start":{},"end":{}}],"line":92},"20":{"loc":{"start":{"line":92,"column":14},"end":{"line":92,"column":96}},"type":"binary-expr","locations":[{"start":{"line":92,"column":14},"end":{"line":92,"column":64}},{"start":{"line":92,"column":69},"end":{"line":92,"column":80}},{"start":{"line":92,"column":84},"end":{"line":92,"column":95}}],"line":92},"21":{"loc":{"start":{"line":92,"column":32},"end":{"line":92,"column":63}},"type":"binary-expr","locations":[{"start":{"line":92,"column":32},"end":{"line":92,"column":44}},{"start":{"line":92,"column":48},"end":{"line":92,"column":63}}],"line":92},"22":{"loc":{"start":{"line":96,"column":10},"end":{"line":99,"column":11}},"type":"if","locations":[{"start":{"line":96,"column":10},"end":{"line":99,"column":11}},{"start":{},"end":{}}],"line":96},"23":{"loc":{"start":{"line":96,"column":14},"end":{"line":96,"column":65}},"type":"binary-expr","locations":[{"start":{"line":96,"column":14},"end":{"line":96,"column":25}},{"start":{"line":96,"column":30},"end":{"line":96,"column":32}},{"start":{"line":96,"column":36},"end":{"line":96,"column":48}},{"start":{"line":96,"column":52},"end":{"line":96,"column":64}}],"line":96},"24":{"loc":{"start":{"line":100,"column":10},"end":{"line":104,"column":11}},"type":"if","locations":[{"start":{"line":100,"column":10},"end":{"line":104,"column":11}},{"start":{},"end":{}}],"line":100},"25":{"loc":{"start":{"line":100,"column":14},"end":{"line":100,"column":43}},"type":"binary-expr","locations":[{"start":{"line":100,"column":14},"end":{"line":100,"column":25}},{"start":{"line":100,"column":29},"end":{"line":100,"column":43}}],"line":100},"26":{"loc":{"start":{"line":105,"column":10},"end":{"line":109,"column":11}},"type":"if","locations":[{"start":{"line":105,"column":10},"end":{"line":109,"column":11}},{"start":{},"end":{}}],"line":105},"27":{"loc":{"start":{"line":105,"column":14},"end":{"line":105,"column":33}},"type":"binary-expr","locations":[{"start":{"line":105,"column":14},"end":{"line":105,"column":15}},{"start":{"line":105,"column":19},"end":{"line":105,"column":33}}],"line":105},"28":{"loc":{"start":{"line":110,"column":10},"end":{"line":110,"column":32}},"type":"if","locations":[{"start":{"line":110,"column":10},"end":{"line":110,"column":32}},{"start":{},"end":{}}],"line":110},"29":{"loc":{"start":{"line":121,"column":4},"end":{"line":121,"column":31}},"type":"if","locations":[{"start":{"line":121,"column":4},"end":{"line":121,"column":31}},{"start":{},"end":{}}],"line":121},"30":{"loc":{"start":{"line":123,"column":13},"end":{"line":123,"column":35}},"type":"cond-expr","locations":[{"start":{"line":123,"column":21},"end":{"line":123,"column":26}},{"start":{"line":123,"column":29},"end":{"line":123,"column":35}}],"line":123},"31":{"loc":{"start":{"line":165,"column":10},"end":{"line":196,"column":11}},"type":"switch","locations":[{"start":{"line":166,"column":12},"end":{"line":192,"column":18}},{"start":{"line":193,"column":12},"end":{"line":195,"column":36}}],"line":165},"32":{"loc":{"start":{"line":227,"column":11},"end":{"line":236,"column":53}},"type":"cond-expr","locations":[{"start":{"line":228,"column":11},"end":{"line":235,"column":10}},{"start":{"line":236,"column":10},"end":{"line":236,"column":53}}],"line":227},"33":{"loc":{"start":{"line":233,"column":32},"end":{"line":233,"column":129}},"type":"binary-expr","locations":[{"start":{"line":233,"column":32},"end":{"line":233,"column":41}},{"start":{"line":233,"column":46},"end":{"line":233,"column":128}}],"line":233}},"s":{"0":1,"1":0,"2":0,"3":0,"4":0,"5":0,"6":0,"7":0,"8":0,"9":0,"10":0,"11":0,"12":1,"13":0,"14":0,"15":0,"16":0,"17":0,"18":0,"19":0,"20":0,"21":0,"22":0,"23":0,"24":0,"25":0,"26":0,"27":0,"28":0,"29":0,"30":0,"31":0,"32":0,"33":0,"34":0,"35":0,"36":0,"37":0,"38":0,"39":0,"40":0,"41":0,"42":0,"43":0,"44":0,"45":0,"46":0,"47":0,"48":0,"49":0,"50":0,"51":0,"52":0,"53":0,"54":0,"55":0,"56":0,"57":0,"58":0,"59":0,"60":0,"61":0,"62":0,"63":0,"64":0,"65":0,"66":1,"67":1,"68":1,"69":1,"70":1,"71":1,"72":1,"73":1,"74":1,"75":1,"76":1,"77":1,"78":0,"79":0,"80":0,"81":0,"82":0,"83":0,"84":0,"85":0,"86":0,"87":0,"88":0,"89":0,"90":0,"91":0,"92":0,"93":0,"94":0,"95":0,"96":0,"97":0,"98":0,"99":0,"100":0,"101":1,"102":1,"103":1,"104":1,"105":1,"106":0,"107":1,"108":1},"f":{"0":0,"1":0,"2":0,"3":0,"4":0,"5":0,"6":0,"7":0,"8":0,"9":0,"10":0,"11":0,"12":0,"13":1,"14":0,"15":0,"16":0,"17":0,"18":0,"19":0,"20":0,"21":0,"22":1,"23":0},"b":{"0":[1,1],"1":[0,0],"2":[0,0],"3":[0,0],"4":[0,0],"5":[1,1],"6":[0,0],"7":[0,0],"8":[0,0],"9":[0,0],"10":[0,0],"11":[0,0],"12":[0,0,0],"13":[0,0],"14":[0,0],"15":[0,0],"16":[0,0],"17":[0,0],"18":[0,0,0,0,0,0],"19":[0,0],"20":[0,0,0],"21":[0,0],"22":[0,0],"23":[0,0,0,0],"24":[0,0],"25":[0,0],"26":[0,0],"27":[0,0],"28":[0,0],"29":[0,0],"30":[0,0],"31":[0,0],"32":[1,0],"33":[1,1]},"inputSourceMap":{"0":"{","1":"\"","2":"v","3":"e","4":"r","5":"s","6":"i","7":"o","8":"n","9":"\"","10":":","11":"3","12":",","13":"\"","14":"s","15":"o","16":"u","17":"r","18":"c","19":"e","20":"s","21":"\"","22":":","23":"[","24":"\"","25":"/","26":"U","27":"s","28":"e","29":"r","30":"s","31":"/","32":"d","33":"e","34":"n","35":"i","36":"s","37":"i","38":"b","39":"a","40":"n","41":"e","42":"z","43":"r","44":"o","45":"d","46":"r","47":"i","48":"g","49":"u","50":"e","51":"s","52":"v","53":"i","54":"e","55":"i","56":"r","57":"a","58":"/","59":"D","60":"o","61":"c","62":"u","63":"m","64":"e","65":"n","66":"t","67":"s","68":"/","69":"P","70":"r","71":"o","72":"j","73":"e","74":"t","75":"o","76":"s","77":"/","78":"m","79":"a","80":"s","81":"t","82":"e","83":"r","84":"/","85":"a","86":"p","87":"p","88":"s","89":"/","90":"p","91":"u","92":"r","93":"e","94":"v","95":"i","96":"t","97":"e","98":"/","99":"s","100":"c","101":"a","102":"f","103":"f","104":"o","105":"l","106":"d","107":"i","108":"n","109":"g","110":"-","111":"u","112":"i","113":"/","114":"s","115":"r","116":"c","117":"/","118":"v","119":"i","120":"e","121":"w","122":"s","123":"/","124":"h","125":"o","126":"m","127":"e","128":"/","129":"H","130":"o","131":"m","132":"e","133":".","134":"v","135":"u","136":"e","137":"\"","138":"]","139":",","140":"\"","141":"n","142":"a","143":"m","144":"e","145":"s","146":"\"","147":":","148":"[","149":"]","150":",","151":"\"","152":"m","153":"a","154":"p","155":"p","156":"i","157":"n","158":"g","159":"s","160":"\"","161":":","162":"\"","163":";","164":";","165":"A","166":"A","167":"a","168":"A","169":",","170":"I","171":"A","172":"A","173":"I","174":",","175":"S","176":"A","177":"A","178":"S","179":";","180":"A","181":"A","182":"A","183":"I","184":";","185":"A","186":"A","187":"A","188":"A","189":";","190":"A","191":"A","192":"A","193":"Q","194":";","195":"A","196":"A","197":"A","198":"A","199":",","200":"S","201":"A","202":"A","203":"K","204":",","205":"S","206":"A","207":"A","208":"S","209":",","210":"I","211":"A","212":"A","213":"K","214":",","215":"U","216":"A","217":"A","218":"U","219":",","220":"O","221":"A","222":"A","223":"O","224":",","225":"E","226":"A","227":"A","228":"E","229":",","230":"U","231":"A","232":"A","233":"U","234":",","235":"E","236":"A","237":"A","238":"E","239":",","240":"C","241":"A","242":"A","243":"C","244":",","245":"E","246":"A","247":"A","248":"E","249":",","250":"S","251":"A","252":"A","253":"S","254":",","255":"E","256":"A","257":"A","258":"E","259":";","260":"E","261":"A","262":"C","263":"r","264":"F","265":",","266":"S","267":"A","268":"A","269":"S","270":",","271":"K","272":"A","273":"A","274":"K","275":",","276":"C","277":"A","278":"A","279":"C","280":",","281":"K","282":"A","283":"A","284":"K","285":",","286":"E","287":"A","288":"A","289":"E","290":";","291":"I","292":"A","293":"A","294":"E","295":",","296":"O","297":"A","298":"A","299":"O","300":",","301":"K","302":"A","303":"A","304":"K","305":",","306":"Y","307":"A","308":"A","309":"Y","310":",","311":"C","312":"A","313":"A","314":"C","315":",","316":"G","317":"A","318":"A","319":"G","320":",","321":"K","322":"A","323":"A","324":"K","325":",","326":"G","327":"A","328":"A","329":"G","330":",","331":"I","332":"A","333":"A","334":"I","335":",","336":"C","337":"A","338":"A","339":"C","340":",","341":"C","342":"A","343":"A","344":"C","345":",","346":"U","347":"A","348":"A","349":"U","350":",","351":"O","352":"A","353":"A","354":"O","355":",","356":"E","357":"A","358":"A","359":"E","360":";","361":"M","362":"A","363":"A","364":"E","365":",","366":"O","367":"A","368":"A","369":"O","370":",","371":"C","372":"A","373":"A","374":"C","375":",","376":"K","377":"A","378":"A","379":"K","380":",","381":"C","382":"A","383":"A","384":"C","385":";","386":"I","387":"A","388":"A","389":"E","390":",","391":"C","392":"A","393":"A","394":"C","395":",","396":"C","397":"A","398":"A","399":"C","400":";","401":"E","402":"A","403":"A","404":"E","405":";","406":"E","407":"A","408":"C","409":"3","410":"G","411":",","412":"O","413":"A","414":"A","415":"O","416":",","417":"K","418":"A","419":"A","420":"K","421":",","422":"C","423":"A","424":"A","425":"C","426":",","427":"K","428":"A","429":"A","430":"K","431":",","432":"C","433":"A","434":"A","435":"C","436":",","437":"G","438":"A","439":"A","440":"G","441":",","442":"O","443":"A","444":"A","445":"O","446":",","447":"C","448":"A","449":"A","450":"C","451":",","452":"E","453":"A","454":"A","455":"E","456":",","457":"U","458":"A","459":"A","460":"U","461":",","462":"O","463":"A","464":"A","465":"O","466":",","467":"E","468":"A","469":"A","470":"E","471":",","472":"M","473":"A","474":"A","475":"M","476":",","477":"E","478":"A","479":"A","480":"E","481":";","482":"I","483":"A","484":"C","485":"v","486":"D","487":",","488":"S","489":"A","490":"A","491":"S","492":",","493":"S","494":"A","495":"A","496":"S","497":",","498":"C","499":"A","500":"A","501":"C","502":",","503":"K","504":"A","505":"A","506":"K","507":",","508":"E","509":"A","510":"A","511":"E","512":";","513":"M","514":"A","515":"A","516":"E","517":",","518":"I","519":"A","520":"A","521":"I","522":";","523":"Q","524":"A","525":"A","526":"E","527":",","528":"I","529":"A","530":"A","531":"I","532":",","533":"C","534":"A","535":"A","536":"C","537":",","538":"S","539":"A","540":"A","541":"S","542":",","543":"C","544":"A","545":"A","546":"C","547":",","548":"I","549":"A","550":"A","551":"I","552":",","553":"C","554":"A","555":"A","556":"C","557":",","558":"K","559":"A","560":"A","561":"K","562":",","563":"C","564":"A","565":"A","566":"C","567":",","568":"C","569":"A","570":"A","571":"C","572":";","573":"M","574":"A","575":"A","576":"E","577":",","578":"C","579":"A","580":"A","581":"C","582":",","583":"C","584":"A","585":"A","586":"C","587":",","588":"O","589":"A","590":"A","591":"O","592":",","593":"C","594":"A","595":"A","596":"C","597":",","598":"E","599":"A","600":"A","601":"E","602":";","603":"Q","604":"A","605":"A","606":"E","607":",","608":"M","609":"A","610":"A","611":"M","612":",","613":"C","614":"A","615":"A","616":"C","617":",","618":"C","619":"A","620":"A","621":"C","622":",","623":"C","624":"A","625":"A","626":"C","627":";","628":"M","629":"A","630":"A","631":"E","632":";","633":"I","634":"A","635":"A","636":"E","637":";","638":"I","639":"A","640":"C","641":"1","642":"F","643":",","644":"S","645":"A","646":"A","647":"S","648":",","649":"Q","650":"A","651":"A","652":"Q","653":",","654":"C","655":"A","656":"A","657":"C","658":",","659":"K","660":"A","661":"A","662":"K","663":",","664":"E","665":"A","666":"A","667":"E","668":";","669":"M","670":"A","671":"A","672":"E","673":",","674":"I","675":"A","676":"A","677":"I","678":";","679":"Q","680":"A","681":"A","682":"E","683":",","684":"I","685":"A","686":"A","687":"I","688":",","689":"C","690":"A","691":"A","692":"C","693":",","694":"S","695":"A","696":"A","697":"S","698":",","699":"C","700":"A","701":"A","702":"C","703":",","704":"O","705":"A","706":"A","707":"O","708":",","709":"C","710":"A","711":"A","712":"C","713":",","714":"C","715":"A","716":"A","717":"C","718":",","719":"K","720":"A","721":"A","722":"K","723":",","724":"C","725":"A","726":"A","727":"C","728":",","729":"C","730":"A","731":"A","732":"C","733":";","734":"M","735":"A","736":"A","737":"E","738":",","739":"C","740":"A","741":"A","742":"C","743":",","744":"C","745":"A","746":"A","747":"C","748":",","749":"O","750":"A","751":"A","752":"O","753":",","754":"C","755":"A","756":"A","757":"C","758":",","759":"E","760":"A","761":"A","762":"E","763":";","764":"Q","765":"A","766":"A","767":"E","768":",","769":"M","770":"A","771":"A","772":"M","773":",","774":"C","775":"A","776":"A","777":"C","778":",","779":"C","780":"A","781":"A","782":"C","783":",","784":"C","785":"A","786":"A","787":"C","788":";","789":"M","790":"A","791":"A","792":"E","793":";","794":"I","795":"A","796":"A","797":"E","798":";","799":"I","800":"A","801":"C","802":"7","803":"F","804":",","805":"S","806":"A","807":"A","808":"S","809":",","810":"I","811":"A","812":"A","813":"I","814":",","815":"C","816":"A","817":"A","818":"C","819":",","820":"M","821":"A","822":"A","823":"M","824":",","825":"E","826":"A","827":"A","828":"E","829":";","830":"M","831":"A","832":"A","833":"E","834":",","835":"M","836":"A","837":"A","838":"M","839":",","840":"C","841":"A","842":"A","843":"C","844":",","845":"I","846":"A","847":"A","848":"I","849":",","850":"G","851":"A","852":"A","853":"G","854":",","855":"O","856":"A","857":"A","858":"O","859":",","860":"C","861":"A","862":"A","863":"C","864":",","865":"M","866":"A","867":"A","868":"M","869":",","870":"C","871":"A","872":"A","873":"C","874":",","875":"K","876":"A","877":"A","878":"K","879":",","880":"C","881":"A","882":"A","883":"C","884":",","885":"G","886":"A","887":"A","888":"G","889":",","890":"K","891":"A","892":"A","893":"K","894":",","895":"C","896":"A","897":"A","898":"C","899":",","900":"M","901":"A","902":"A","903":"M","904":",","905":"C","906":"A","907":"A","908":"C","909":",","910":"K","911":"A","912":"A","913":"K","914":",","915":"C","916":"A","917":"A","918":"C","919":",","920":"C","921":"A","922":"A","923":"C","924":",","925":"I","926":"A","927":"A","928":"I","929":",","930":"C","931":"A","932":"A","933":"C","934":",","935":"S","936":"A","937":"A","938":"S","939":",","940":"E","941":"A","942":"A","943":"E","944":",","945":"Q","946":"A","947":"A","948":"Q","949":",","950":"C","951":"A","952":"A","953":"C","954":";","955":"I","956":"A","957":"A","958":"E","959":";","960":"I","961":"A","962":"C","963":"7","964":"G","965":",","966":"I","967":"A","968":"A","969":"I","970":",","971":"C","972":"A","973":"A","974":"C","975":",","976":"C","977":"A","978":"A","979":"C","980":",","981":"S","982":"A","983":"A","984":"S","985":",","986":"G","987":"A","988":"A","989":"G","990":",","991":"S","992":"A","993":"A","994":"S","995":",","996":"C","997":"A","998":"A","999":"C","1000":",","1001":"K","1002":"A","1003":"A","1004":"K","1005":",","1006":"C","1007":"A","1008":"A","1009":"C","1010":",","1011":"O","1012":"A","1013":"A","1014":"O","1015":",","1016":"E","1017":"A","1018":"A","1019":"E","1020":",","1021":"U","1022":"A","1023":"A","1024":"U","1025":",","1026":"I","1027":"A","1028":"A","1029":"I","1030":",","1031":"E","1032":"A","1033":"A","1034":"E","1035":",","1036":"C","1037":"A","1038":"A","1039":"C","1040":",","1041":"E","1042":"A","1043":"A","1044":"E","1045":",","1046":"I","1047":"A","1048":"A","1049":"I","1050":",","1051":"E","1052":"A","1053":"A","1054":"E","1055":",","1056":"C","1057":"A","1058":"A","1059":"C","1060":";","1061":"E","1062":"A","1063":"C","1064":"z","1065":"E","1066":",","1067":"C","1068":"A","1069":"A","1070":"C","1071":",","1072":"C","1073":"A","1074":"A","1075":"C","1076":";","1077":"A","1078":"A","1079":"C","1080":"N","1081":",","1082":"C","1083":"A","1084":"A","1085":"C","1086":";","1087":"A","1088":"A","1089":"C","1090":"D","1091":",","1092":"I","1093":"A","1094":"A","1095":"I","1096":",","1097":"W","1098":"A","1099":"A","1100":"W","1101":";","1102":"A","1103":"A","1104":"A","1105":"I","1106":";","1107":"A","1108":"A","1109":"A","1110":"A","1111":";","1112":"A","1113":"A","1114":"A","1115":"Q","1116":";","1117":"A","1118":"A","1119":"A","1120":"A","1121":",","1122":"S","1123":"A","1124":"A","1125":"K","1126":",","1127":"W","1128":"A","1129":"A","1130":"W","1131":",","1132":"I","1133":"A","1134":"A","1135":"K","1136":",","1137":"U","1138":"A","1139":"A","1140":"U","1141":",","1142":"O","1143":"A","1144":"A","1145":"O","1146":",","1147":"E","1148":"A","1149":"A","1150":"E","1151":",","1152":"I","1153":"A","1154":"A","1155":"I","1156":",","1157":"E","1158":"A","1159":"A","1160":"E","1161":";","1162":"E","1163":"A","1164":"C","1165":"r","1166":"E","1167":",","1168":"I","1169":"A","1170":"A","1171":"I","1172":",","1173":"C","1174":"A","1175":"A","1176":"C","1177":",","1178":"G","1179":"A","1180":"A","1181":"G","1182":";","1183":"M","1184":"A","1185":"A","1186":"E","1187":",","1188":"K","1189":"A","1190":"A","1191":"K","1192":",","1193":"E","1194":"A","1195":"A","1196":"E","1197":",","1198":"C","1199":"A","1200":"A","1201":"C","1202":";","1203":"M","1204":"A","1205":"A","1206":"E","1207":",","1208":"I","1209":"A","1210":"A","1211":"I","1212":",","1213":"E","1214":"A","1215":"A","1216":"E","1217":";","1218":"M","1219":"A","1220":"A","1221":"A","1222":";","1223":"M","1224":"A","1225":"A","1226":"A","1227":",","1228":"O","1229":"A","1230":"A","1231":"W","1232":";","1233":"Q","1234":"A","1235":"A","1236":"E","1237":",","1238":"I","1239":"A","1240":"A","1241":"I","1242":",","1243":"C","1244":"A","1245":"A","1246":"C","1247":",","1248":"C","1249":"A","1250":"A","1251":"C","1252":",","1253":"C","1254":"A","1255":"A","1256":"C","1257":",","1258":"C","1259":"A","1260":"A","1261":"C","1262":",","1263":"G","1264":"A","1265":"A","1266":"G","1267":",","1268":"C","1269":"A","1270":"A","1271":"C","1272":",","1273":"E","1274":"A","1275":"A","1276":"E","1277":",","1278":"M","1279":"A","1280":"A","1281":"M","1282":",","1283":"C","1284":"A","1285":"A","1286":"C","1287":",","1288":"C","1289":"A","1290":"A","1291":"C","1292":",","1293":"C","1294":"A","1295":"A","1296":"C","1297":",","1298":"C","1299":"A","1300":"A","1301":"C","1302":";","1303":"Q","1304":"A","1305":"A","1306":"E","1307":",","1308":"O","1309":"A","1310":"A","1311":"O","1312":",","1313":"C","1314":"A","1315":"A","1316":"C","1317":",","1318":"C","1319":"A","1320":"A","1321":"C","1322":",","1323":"C","1324":"A","1325":"A","1326":"C","1327":",","1328":"C","1329":"A","1330":"A","1331":"C","1332":";","1333":"M","1334":"A","1335":"A","1336":"E","1337":",","1338":"C","1339":"A","1340":"A","1341":"C","1342":";","1343":"M","1344":"A","1345":"A","1346":"E","1347":",","1348":"I","1349":"A","1350":"A","1351":"I","1352":",","1353":"E","1354":"A","1355":"A","1356":"E","1357":",","1358":"E","1359":"A","1360":"A","1361":"E","1362":";","1363":"M","1364":"A","1365":"A","1366":"E","1367":",","1368":"G","1369":"A","1370":"A","1371":"G","1372":",","1373":"E","1374":"A","1375":"A","1376":"E","1377":";","1378":"I","1379":"A","1380":"A","1381":"G","1382":",","1383":"C","1384":"A","1385":"A","1386":"C","1387":";","1388":"I","1389":"A","1390":"A","1391":"E","1392":",","1393":"C","1394":"A","1395":"A","1396":"C","1397":";","1398":"I","1399":"A","1400":"A","1401":"E","1402":",","1403":"C","1404":"A","1405":"A","1406":"C","1407":";","1408":"I","1409":"A","1410":"A","1411":"E","1412":",","1413":"C","1414":"A","1415":"A","1416":"C","1417":";","1418":"I","1419":"A","1420":"A","1421":"E","1422":",","1423":"C","1424":"A","1425":"A","1426":"C","1427":";","1428":"E","1429":"A","1430":"C","1431":"h","1432":"H","1433":",","1434":"O","1435":"A","1436":"A","1437":"O","1438":",","1439":"C","1440":"A","1441":"A","1442":"C","1443":",","1444":"G","1445":"A","1446":"A","1447":"G","1448":";","1449":"I","1450":"A","1451":"A","1452":"E","1453":",","1454":"I","1455":"A","1456":"A","1457":"I","1458":",","1459":"E","1460":"A","1461":"A","1462":"E","1463":",","1464":"I","1465":"A","1466":"A","1467":"I","1468":",","1469":"C","1470":"A","1471":"A","1472":"C","1473":",","1474":"C","1475":"A","1476":"A","1477":"C","1478":",","1479":"C","1480":"A","1481":"A","1482":"C","1483":";","1484":"I","1485":"A","1486":"A","1487":"E","1488":",","1489":"O","1490":"A","1491":"A","1492":"O","1493":",","1494":"E","1495":"A","1496":"A","1497":"E","1498":",","1499":"I","1500":"A","1501":"A","1502":"I","1503":",","1504":"C","1505":"A","1506":"A","1507":"C","1508":",","1509":"C","1510":"A","1511":"A","1512":"C","1513":",","1514":"C","1515":"A","1516":"A","1517":"C","1518":";","1519":"I","1520":"A","1521":"A","1522":"E","1523":",","1524":"Q","1525":"A","1526":"A","1527":"Q","1528":",","1529":"E","1530":"A","1531":"A","1532":"E","1533":",","1534":"I","1535":"A","1536":"A","1537":"I","1538":",","1539":"C","1540":"A","1541":"A","1542":"C","1543":",","1544":"C","1545":"A","1546":"A","1547":"C","1548":";","1549":"E","1550":"A","1551":"A","1552":"E","1553":",","1554":"C","1555":"A","1556":"A","1557":"C","1558":",","1559":"E","1560":"A","1561":"A","1562":"E","1563":",","1564":"O","1565":"A","1566":"A","1567":"O","1568":",","1569":"M","1570":"A","1571":"A","1572":"M","1573":",","1574":"K","1575":"A","1576":"A","1577":"K","1578":",","1579":"U","1580":"A","1581":"A","1582":"U","1583":",","1584":"K","1585":"A","1586":"A","1587":"K","1588":",","1589":"C","1590":"A","1591":"A","1592":"C","1593":",","1594":"C","1595":"A","1596":"A","1597":"C","1598":",","1599":"M","1600":"A","1601":"A","1602":"M","1603":",","1604":"C","1605":"A","1606":"A","1607":"C","1608":",","1609":"Q","1610":"A","1611":"A","1612":"Q","1613":",","1614":"C","1615":"A","1616":"A","1617":"C","1618":",","1619":"G","1620":"A","1621":"A","1622":"G","1623":",","1624":"Y","1625":"A","1626":"A","1627":"W","1628":";","1629":"I","1630":"A","1631":"A","1632":"E","1633":",","1634":"O","1635":"A","1636":"A","1637":"O","1638":",","1639":"I","1640":"A","1641":"A","1642":"I","1643":";","1644":"E","1645":"A","1646":"A","1647":"E","1648":",","1649":"C","1650":"A","1651":"A","1652":"C","1653":",","1654":"C","1655":"A","1656":"A","1657":"C","1658":",","1659":"E","1660":"A","1661":"A","1662":"E","1663":",","1664":"C","1665":"A","1666":"A","1667":"C","1668":";","1669":"E","1670":"A","1671":"C","1672":"x","1673":"J","1674":",","1675":"S","1676":"A","1677":"A","1678":"S","1679":",","1680":"I","1681":"A","1682":"A","1683":"I","1684":",","1685":"C","1686":"A","1687":"A","1688":"C","1689":",","1690":"C","1691":"A","1692":"A","1693":"C","1694":",","1695":"E","1696":"A","1697":"A","1698":"E","1699":";","1700":"I","1701":"A","1702":"A","1703":"E","1704":",","1705":"O","1706":"A","1707":"A","1708":"O","1709":",","1710":"U","1711":"A","1712":"A","1713":"U","1714":",","1715":"C","1716":"A","1717":"A","1718":"C","1719":",","1720":"E","1721":"A","1722":"A","1723":"E","1724":";","1725":"M","1726":"A","1727":"A","1728":"E","1729":",","1730":"O","1731":"A","1732":"A","1733":"O","1734":",","1735":"I","1736":"A","1737":"A","1738":"I","1739":",","1740":"C","1741":"A","1742":"A","1743":"C","1744":",","1745":"C","1746":"A","1747":"A","1748":"C","1749":",","1750":"C","1751":"A","1752":"A","1753":"C","1754":",","1755":"E","1756":"A","1757":"A","1758":"E","1759":",","1760":"C","1761":"A","1762":"A","1763":"C","1764":",","1765":"C","1766":"A","1767":"A","1768":"C","1769":",","1770":"C","1771":"A","1772":"A","1773":"C","1774":";","1775":"I","1776":"A","1777":"A","1778":"E","1779":",","1780":"C","1781":"A","1782":"A","1783":"C","1784":";","1785":"E","1786":"A","1787":"A","1788":"E","1789":";","1790":";","1791":";","1792":";","1793":";","1794":";","1795":"M","1796":"A","1797":"d","1798":"z","1799":"D","1800":",","1801":"Q","1802":"A","1803":"A","1804":"Q","1805":",","1806":"E","1807":"A","1808":"A","1809":"E","1810":",","1811":"C","1812":"A","1813":"A","1814":"C","1815":",","1816":"C","1817":"A","1818":"A","1819":"C","1820":",","1821":"C","1822":"A","1823":"A","1824":"C","1825":";","1826":"Q","1827":"A","1828":"C","1829":"T","1830":",","1831":"K","1832":"A","1833":"A","1834":"K","1835":",","1836":"C","1837":"A","1838":"A","1839":"C","1840":";","1841":"Q","1842":"A","1843":"A","1844":"E","1845":",","1846":"K","1847":"A","1848":"A","1849":"K","1850":",","1851":"C","1852":"A","1853":"A","1854":"C","1855":";","1856":"U","1857":"A","1858":"A","1859":"E","1860":",","1861":"C","1862":"A","1863":"A","1864":"C","1865":",","1866":"G","1867":"A","1868":"A","1869":"G","1870":",","1871":"E","1872":"A","1873":"A","1874":"E","1875":";","1876":"U","1877":"A","1878":"A","1879":"E","1880":";","1881":"Q","1882":"A","1883":"c","1884":"x","1885":"B","1886":",","1887":"K","1888":"A","1889":"A","1890":"K","1891":",","1892":"C","1893":"A","1894":"A","1895":"C","1896":";","1897":"U","1898":"A","1899":"A","1900":"E","1901":",","1902":"C","1903":"A","1904":"A","1905":"C","1906":",","1907":"C","1908":"A","1909":"A","1910":"C","1911":",","1912":"K","1913":"A","1914":"A","1915":"K","1916":",","1917":"E","1918":"A","1919":"A","1920":"E","1921":";","1922":"U","1923":"A","1924":"A","1925":"E","1926":",","1927":"O","1928":"A","1929":"A","1930":"O","1931":";","1932":"Y","1933":"A","1934":"A","1935":"E","1936":",","1937":"K","1938":"A","1939":"A","1940":"K","1941":",","1942":"E","1943":"A","1944":"A","1945":"E","1946":",","1947":"E","1948":"A","1949":"A","1950":"E","1951":",","1952":"C","1953":"A","1954":"A","1955":"C","1956":",","1957":"C","1958":"A","1959":"A","1960":"C","1961":",","1962":"C","1963":"A","1964":"A","1965":"C","1966":";","1967":"Y","1968":"A","1969":"A","1970":"E","1971":",","1972":"I","1973":"A","1974":"A","1975":"I","1976":",","1977":"E","1978":"A","1979":"A","1980":"E","1981":";","1982":"U","1983":"A","1984":"A","1985":"M","1986":",","1987":"C","1988":"A","1989":"A","1990":"C","1991":";","1992":"Q","1993":"A","1994":"C","1995":"v","1996":"D","1997":",","1998":"K","1999":"A","2000":"A","2001":"K","2002":",","2003":"C","2004":"A","2005":"A","2006":"C","2007":";","2008":"U","2009":"A","2010":"A","2011":"E","2012":",","2013":"C","2014":"A","2015":"A","2016":"C","2017":",","2018":"C","2019":"A","2020":"A","2021":"C","2022":",","2023":"K","2024":"A","2025":"A","2026":"K","2027":",","2028":"E","2029":"A","2030":"A","2031":"E","2032":";","2033":"U","2034":"A","2035":"A","2036":"E","2037":",","2038":"C","2039":"A","2040":"A","2041":"C","2042":",","2043":"G","2044":"A","2045":"A","2046":"G","2047":",","2048":"E","2049":"A","2050":"A","2051":"E","2052":",","2053":"C","2054":"A","2055":"A","2056":"C","2057":",","2058":"C","2059":"A","2060":"A","2061":"C","2062":",","2063":"C","2064":"A","2065":"A","2066":"C","2067":";","2068":"U","2069":"A","2070":"A","2071":"E","2072":",","2073":"E","2074":"A","2075":"A","2076":"E","2077":",","2078":"G","2079":"A","2080":"A","2081":"G","2082":",","2083":"C","2084":"A","2085":"A","2086":"C","2087":",","2088":"C","2089":"A","2090":"A","2091":"C","2092":",","2093":"C","2094":"A","2095":"A","2096":"C","2097":";","2098":"U","2099":"A","2100":"A","2101":"E","2102":";","2103":"Q","2104":"A","2105":"C","2106":"x","2107":"C","2108":",","2109":"K","2110":"A","2111":"A","2112":"K","2113":",","2114":"C","2115":"A","2116":"A","2117":"C","2118":";","2119":"U","2120":"A","2121":"A","2122":"E","2123":",","2124":"E","2125":"A","2126":"A","2127":"E","2128":",","2129":"G","2130":"A","2131":"A","2132":"G","2133":",","2134":"C","2135":"A","2136":"A","2137":"C","2138":",","2139":"C","2140":"A","2141":"A","2142":"C","2143":",","2144":"G","2145":"A","2146":"A","2147":"G","2148":",","2149":"C","2150":"A","2151":"A","2152":"C","2153":",","2154":"G","2155":"A","2156":"A","2157":"G","2158":",","2159":"E","2160":"A","2161":"A","2162":"E","2163":";","2164":"U","2165":"A","2166":"A","2167":"E","2168":",","2169":"C","2170":"A","2171":"A","2172":"C","2173":",","2174":"C","2175":"A","2176":"A","2177":"C","2178":",","2179":"I","2180":"A","2181":"A","2182":"I","2183":",","2184":"C","2185":"A","2186":"A","2187":"C","2188":",","2189":"G","2190":"A","2191":"A","2192":"G","2193":",","2194":"E","2195":"A","2196":"A","2197":"E","2198":";","2199":"U","2200":"A","2201":"A","2202":"E","2203":";","2204":"Q","2205":"A","2206":"C","2207":"x","2208":"C","2209":";","2210":"U","2211":"A","2212":"C","2213":"I","2214":",","2215":"I","2216":"A","2217":"A","2218":"I","2219":",","2220":"E","2221":"A","2222":"A","2223":"E","2224":",","2225":"C","2226":"A","2227":"A","2228":"C","2229":",","2230":"G","2231":"A","2232":"A","2233":"G","2234":",","2235":"C","2236":"A","2237":"A","2238":"C","2239":",","2240":"C","2241":"A","2242":"A","2243":"C","2244":",","2245":"I","2246":"A","2247":"A","2248":"I","2249":",","2250":"E","2251":"A","2252":"A","2253":"E","2254":",","2255":"C","2256":"A","2257":"A","2258":"C","2259":",","2260":"G","2261":"A","2262":"A","2263":"G","2264":",","2265":"C","2266":"A","2267":"A","2268":"C","2269":",","2270":"C","2271":"A","2272":"A","2273":"C","2274":",","2275":"M","2276":"A","2277":"A","2278":"M","2279":",","2280":"G","2281":"A","2282":"A","2283":"G","2284":",","2285":"C","2286":"A","2287":"A","2288":"C","2289":",","2290":"I","2291":"A","2292":"A","2293":"I","2294":",","2295":"C","2296":"A","2297":"A","2298":"C","2299":",","2300":"C","2301":"A","2302":"A","2303":"C","2304":",","2305":"C","2306":"A","2307":"A","2308":"C","2309":",","2310":"C","2311":"A","2312":"A","2313":"C","2314":",","2315":"M","2316":"A","2317":"A","2318":"M","2319":",","2320":"G","2321":"A","2322":"A","2323":"G","2324":",","2325":"C","2326":"A","2327":"A","2328":"C","2329":",","2330":"C","2331":"A","2332":"A","2333":"C","2334":",","2335":"C","2336":"A","2337":"A","2338":"C","2339":",","2340":"K","2341":"A","2342":"A","2343":"K","2344":",","2345":"E","2346":"A","2347":"A","2348":"E","2349":",","2350":"C","2351":"A","2352":"A","2353":"C","2354":",","2355":"C","2356":"A","2357":"A","2358":"C","2359":",","2360":"C","2361":"A","2362":"A","2363":"C","2364":",","2365":"K","2366":"A","2367":"A","2368":"K","2369":",","2370":"C","2371":"A","2372":"A","2373":"C","2374":",","2375":"I","2376":"A","2377":"A","2378":"I","2379":",","2380":"E","2381":"A","2382":"A","2383":"E","2384":",","2385":"C","2386":"A","2387":"A","2388":"C","2389":",","2390":"C","2391":"A","2392":"A","2393":"C","2394":",","2395":"C","2396":"A","2397":"A","2398":"C","2399":",","2400":"K","2401":"A","2402":"A","2403":"K","2404":",","2405":"C","2406":"A","2407":"A","2408":"C","2409":",","2410":"C","2411":"A","2412":"A","2413":"C","2414":",","2415":"E","2416":"A","2417":"A","2418":"E","2419":";","2420":"Y","2421":"A","2422":"A","2423":"E","2424":",","2425":"C","2426":"A","2427":"A","2428":"C","2429":",","2430":"G","2431":"A","2432":"A","2433":"G","2434":",","2435":"C","2436":"A","2437":"A","2438":"C","2439":";","2440":"Y","2441":"A","2442":"A","2443":"E","2444":";","2445":"U","2446":"A","2447":"A","2448":"U","2449":";","2450":"U","2451":"A","2452":"C","2453":"3","2454":"G","2455":",","2456":"I","2457":"A","2458":"A","2459":"I","2460":",","2461":"E","2462":"A","2463":"A","2464":"E","2465":",","2466":"C","2467":"A","2468":"A","2469":"C","2470":",","2471":"C","2472":"A","2473":"A","2474":"C","2475":",","2476":"C","2477":"A","2478":"A","2479":"C","2480":",","2481":"K","2482":"A","2483":"A","2484":"K","2485":",","2486":"C","2487":"A","2488":"A","2489":"C","2490":",","2491":"K","2492":"A","2493":"A","2494":"K","2495":",","2496":"C","2497":"A","2498":"A","2499":"C","2500":",","2501":"C","2502":"A","2503":"A","2504":"C","2505":",","2506":"I","2507":"A","2508":"A","2509":"K","2510":",","2511":"E","2512":"A","2513":"A","2514":"E","2515":",","2516":"C","2517":"A","2518":"A","2519":"C","2520":",","2521":"C","2522":"A","2523":"A","2524":"C","2525":",","2526":"C","2527":"A","2528":"A","2529":"C","2530":",","2531":"G","2532":"A","2533":"A","2534":"G","2535":",","2536":"C","2537":"A","2538":"A","2539":"C","2540":",","2541":"C","2542":"A","2543":"A","2544":"C","2545":",","2546":"C","2547":"A","2548":"A","2549":"C","2550":",","2551":"C","2552":"A","2553":"A","2554":"C","2555":",","2556":"I","2557":"A","2558":"A","2559":"I","2560":",","2561":"E","2562":"A","2563":"A","2564":"E","2565":",","2566":"C","2567":"A","2568":"A","2569":"C","2570":",","2571":"C","2572":"A","2573":"A","2574":"C","2575":",","2576":"C","2577":"A","2578":"A","2579":"C","2580":",","2581":"G","2582":"A","2583":"A","2584":"G","2585":",","2586":"C","2587":"A","2588":"A","2589":"C","2590":",","2591":"C","2592":"A","2593":"A","2594":"C","2595":",","2596":"C","2597":"A","2598":"A","2599":"C","2600":",","2601":"C","2602":"A","2603":"A","2604":"E","2605":",","2606":"C","2607":"A","2608":"A","2609":"C","2610":",","2611":"E","2612":"A","2613":"A","2614":"E","2615":";","2616":"Y","2617":"A","2618":"A","2619":"E","2620":",","2621":"C","2622":"A","2623":"A","2624":"C","2625":",","2626":"C","2627":"A","2628":"A","2629":"C","2630":",","2631":"K","2632":"A","2633":"A","2634":"K","2635":",","2636":"G","2637":"A","2638":"A","2639":"G","2640":",","2641":"E","2642":"A","2643":"A","2644":"E","2645":",","2646":"C","2647":"A","2648":"A","2649":"C","2650":",","2651":"C","2652":"A","2653":"A","2654":"C","2655":",","2656":"C","2657":"A","2658":"A","2659":"C","2660":";","2661":"Y","2662":"A","2663":"A","2664":"E","2665":";","2666":"U","2667":"A","2668":"A","2669":"O","2670":";","2671":"U","2672":"A","2673":"C","2674":"r","2675":"F","2676":",","2677":"I","2678":"A","2679":"A","2680":"I","2681":",","2682":"E","2683":"A","2684":"A","2685":"E","2686":",","2687":"C","2688":"A","2689":"A","2690":"C","2691":",","2692":"C","2693":"A","2694":"A","2695":"C","2696":",","2697":"C","2698":"A","2699":"A","2700":"C","2701":",","2702":"K","2703":"A","2704":"A","2705":"K","2706":",","2707":"C","2708":"A","2709":"A","2710":"C","2711":",","2712":"I","2713":"A","2714":"A","2715":"I","2716":",","2717":"C","2718":"A","2719":"A","2720":"C","2721":",","2722":"C","2723":"A","2724":"A","2725":"C","2726":",","2727":"K","2728":"A","2729":"A","2730":"K","2731":",","2732":"G","2733":"A","2734":"A","2735":"G","2736":",","2737":"C","2738":"A","2739":"A","2740":"C","2741":",","2742":"C","2743":"A","2744":"A","2745":"C","2746":",","2747":"C","2748":"A","2749":"A","2750":"C","2751":",","2752":"C","2753":"A","2754":"A","2755":"C","2756":",","2757":"E","2758":"A","2759":"A","2760":"E","2761":";","2762":"Y","2763":"A","2764":"A","2765":"E","2766":",","2767":"C","2768":"A","2769":"A","2770":"C","2771":",","2772":"C","2773":"A","2774":"A","2775":"C","2776":",","2777":"K","2778":"A","2779":"A","2780":"K","2781":",","2782":"G","2783":"A","2784":"A","2785":"G","2786":",","2787":"C","2788":"A","2789":"A","2790":"C","2791":",","2792":"C","2793":"A","2794":"A","2795":"C","2796":",","2797":"C","2798":"A","2799":"A","2800":"C","2801":",","2802":"C","2803":"A","2804":"A","2805":"C","2806":";","2807":"Y","2808":"A","2809":"A","2810":"E","2811":",","2812":"C","2813":"A","2814":"A","2815":"C","2816":",","2817":"G","2818":"A","2819":"A","2820":"G","2821":",","2822":"E","2823":"A","2824":"A","2825":"E","2826":";","2827":"Y","2828":"A","2829":"A","2830":"E","2831":";","2832":"U","2833":"A","2834":"A","2835":"O","2836":";","2837":"U","2838":"A","2839":"C","2840":"p","2841":"E","2842":",","2843":"I","2844":"A","2845":"A","2846":"I","2847":",","2848":"C","2849":"A","2850":"A","2851":"C","2852":",","2853":"I","2854":"A","2855":"A","2856":"I","2857":",","2858":"C","2859":"A","2860":"A","2861":"C","2862":",","2863":"C","2864":"A","2865":"A","2866":"C","2867":",","2868":"K","2869":"A","2870":"A","2871":"K","2872":",","2873":"G","2874":"A","2875":"A","2876":"G","2877":",","2878":"C","2879":"A","2880":"A","2881":"C","2882":",","2883":"C","2884":"A","2885":"A","2886":"C","2887":",","2888":"C","2889":"A","2890":"A","2891":"C","2892":",","2893":"C","2894":"A","2895":"A","2896":"C","2897":",","2898":"E","2899":"A","2900":"A","2901":"E","2902":";","2903":"Y","2904":"A","2905":"A","2906":"E","2907":",","2908":"C","2909":"A","2910":"A","2911":"C","2912":",","2913":"C","2914":"A","2915":"A","2916":"C","2917":",","2918":"K","2919":"A","2920":"A","2921":"K","2922":",","2923":"G","2924":"A","2925":"A","2926":"G","2927":",","2928":"C","2929":"A","2930":"A","2931":"C","2932":",","2933":"C","2934":"A","2935":"A","2936":"C","2937":",","2938":"C","2939":"A","2940":"A","2941":"C","2942":",","2943":"C","2944":"A","2945":"A","2946":"C","2947":";","2948":"Y","2949":"A","2950":"A","2951":"E","2952":",","2953":"C","2954":"A","2955":"A","2956":"C","2957":",","2958":"C","2959":"A","2960":"A","2961":"C","2962":",","2963":"G","2964":"A","2965":"A","2966":"G","2967":",","2968":"C","2969":"A","2970":"A","2971":"C","2972":",","2973":"I","2974":"A","2975":"A","2976":"I","2977":",","2978":"C","2979":"A","2980":"A","2981":"C","2982":",","2983":"E","2984":"A","2985":"A","2986":"E","2987":",","2988":"C","2989":"A","2990":"A","2991":"C","2992":";","2993":"Y","2994":"A","2995":"A","2996":"E","2997":";","2998":"U","2999":"A","3000":"A","3001":"O","3002":";","3003":"U","3004":"A","3005":"C","3006":"l","3007":"E","3008":",","3009":"I","3010":"A","3011":"A","3012":"I","3013":",","3014":"C","3015":"A","3016":"A","3017":"C","3018":",","3019":"C","3020":"A","3021":"A","3022":"C","3023":",","3024":"C","3025":"A","3026":"A","3027":"C","3028":",","3029":"C","3030":"A","3031":"A","3032":"C","3033":",","3034":"E","3035":"A","3036":"A","3037":"E","3038":",","3039":"C","3040":"A","3041":"A","3042":"C","3043":",","3044":"C","3045":"A","3046":"A","3047":"C","3048":",","3049":"G","3050":"A","3051":"A","3052":"G","3053":",","3054":"C","3055":"A","3056":"A","3057":"C","3058":",","3059":"G","3060":"A","3061":"A","3062":"G","3063":",","3064":"E","3065":"A","3066":"A","3067":"E","3068":";","3069":"U","3070":"A","3071":"C","3072":"r","3073":"B","3074":",","3075":"C","3076":"A","3077":"A","3078":"C","3079":",","3080":"C","3081":"A","3082":"A","3083":"C","3084":",","3085":"I","3086":"A","3087":"A","3088":"I","3089":",","3090":"C","3091":"A","3092":"A","3093":"C","3094":",","3095":"G","3096":"A","3097":"A","3098":"G","3099":",","3100":"E","3101":"A","3102":"A","3103":"E","3104":";","3105":"U","3106":"A","3107":"A","3108":"E","3109":";","3110":"M","3111":"A","3112":"A","3113":"S","3114":";","3115":"M","3116":"A","3117":"E","3118":"/","3119":"B","3120":",","3121":"E","3122":"A","3123":"A","3124":"E","3125":",","3126":"G","3127":"A","3128":"A","3129":"G","3130":",","3131":"I","3132":"A","3133":"A","3134":"I","3135":",","3136":"C","3137":"A","3138":"A","3139":"C","3140":",","3141":"I","3142":"A","3143":"A","3144":"I","3145":",","3146":"C","3147":"A","3148":"A","3149":"C","3150":",","3151":"O","3152":"A","3153":"A","3154":"O","3155":",","3156":"E","3157":"A","3158":"A","3159":"E","3160":",","3161":"C","3162":"A","3163":"A","3164":"C","3165":",","3166":"C","3167":"A","3168":"A","3169":"C","3170":";","3171":"I","3172":"A","3173":"C","3174":"9","3175":"B","3176":",","3177":"C","3178":"A","3179":"A","3180":"C","3181":",","3182":"C","3183":"A","3184":"A","3185":"C","3186":",","3187":"O","3188":"A","3189":"A","3190":"O","3191":",","3192":"C","3193":"A","3194":"A","3195":"C","3196":",","3197":"E","3198":"A","3199":"A","3200":"E","3201":";","3202":"M","3203":"A","3204":"A","3205":"E","3206":",","3207":"E","3208":"A","3209":"A","3210":"E","3211":",","3212":"G","3213":"A","3214":"A","3215":"G","3216":",","3217":"C","3218":"A","3219":"A","3220":"C","3221":",","3222":"C","3223":"A","3224":"A","3225":"C","3226":",","3227":"E","3228":"A","3229":"A","3230":"E","3231":",","3232":"C","3233":"A","3234":"A","3235":"C","3236":",","3237":"C","3238":"A","3239":"A","3240":"C","3241":";","3242":"M","3243":"A","3244":"A","3245":"E","3246":",","3247":"C","3248":"A","3249":"A","3250":"C","3251":",","3252":"G","3253":"A","3254":"A","3255":"G","3256":",","3257":"C","3258":"A","3259":"A","3260":"C","3261":";","3262":"I","3263":"A","3264":"A","3265":"E","3266":",","3267":"C","3268":"A","3269":"A","3270":"C","3271":",","3272":"S","3273":"A","3274":"A","3275":"S","3276":";","3277":"M","3278":"A","3279":"A","3280":"E","3281":",","3282":"C","3283":"A","3284":"A","3285":"C","3286":",","3287":"G","3288":"A","3289":"A","3290":"G","3291":",","3292":"C","3293":"A","3294":"A","3295":"C","3296":",","3297":"G","3298":"A","3299":"A","3300":"G","3301":",","3302":"C","3303":"A","3304":"A","3305":"C","3306":";","3307":"I","3308":"A","3309":"A","3310":"E","3311":";","3312":"I","3313":"A","3314":"C","3315":"z","3316":"D","3317":",","3318":"I","3319":"A","3320":"A","3321":"I","3322":",","3323":"E","3324":"A","3325":"A","3326":"E","3327":",","3328":"C","3329":"A","3330":"A","3331":"C","3332":",","3333":"C","3334":"A","3335":"A","3336":"C","3337":",","3338":"C","3339":"A","3340":"A","3341":"C","3342":",","3343":"G","3344":"A","3345":"A","3346":"G","3347":",","3348":"C","3349":"A","3350":"A","3351":"C","3352":",","3353":"E","3354":"A","3355":"A","3356":"E","3357":",","3358":"M","3359":"A","3360":"A","3361":"M","3362":",","3363":"E","3364":"A","3365":"A","3366":"E","3367":",","3368":"C","3369":"A","3370":"A","3371":"C","3372":",","3373":"C","3374":"A","3375":"A","3376":"C","3377":",","3378":"C","3379":"A","3380":"A","3381":"C","3382":";","3383":"I","3384":"A","3385":"A","3386":"E","3387":",","3388":"O","3389":"A","3390":"A","3391":"O","3392":";","3393":"M","3394":"A","3395":"A","3396":"E","3397":",","3398":"K","3399":"A","3400":"A","3401":"K","3402":",","3403":"E","3404":"A","3405":"A","3406":"E","3407":",","3408":"E","3409":"A","3410":"A","3411":"E","3412":",","3413":"C","3414":"A","3415":"A","3416":"C","3417":",","3418":"C","3419":"A","3420":"A","3421":"C","3422":",","3423":"C","3424":"A","3425":"A","3426":"C","3427":",","3428":"G","3429":"A","3430":"A","3431":"G","3432":",","3433":"E","3434":"A","3435":"A","3436":"E","3437":",","3438":"C","3439":"A","3440":"A","3441":"C","3442":",","3443":"C","3444":"A","3445":"A","3446":"C","3447":",","3448":"C","3449":"A","3450":"A","3451":"C","3452":",","3453":"G","3454":"A","3455":"A","3456":"G","3457":",","3458":"K","3459":"A","3460":"A","3461":"K","3462":",","3463":"C","3464":"A","3465":"A","3466":"C","3467":";","3468":"M","3469":"A","3470":"A","3471":"E","3472":",","3473":"I","3474":"A","3475":"A","3476":"I","3477":",","3478":"E","3479":"A","3480":"A","3481":"E","3482":";","3483":"I","3484":"A","3485":"A","3486":"K","3487":",","3488":"C","3489":"A","3490":"A","3491":"C","3492":";","3493":"E","3494":"A","3495":"C","3496":"p","3497":"F","3498":";","3499":"A","3500":"A","3501":"C","3502":"J","3503":",","3504":"C","3505":"A","3506":"A","3507":"C","3508":";","3509":"A","3510":"A","3511":"C","3512":"D","3513":",","3514":"M","3515":"A","3516":"A","3517":"M","3518":",","3519":"C","3520":"A","3521":"A","3522":"C","3523":",","3524":"c","3525":"A","3526":"A","3527":"c","3528":",","3529":"C","3530":"A","3531":"A","3532":"C","3533":",","3534":"O","3535":"A","3536":"A","3537":"O","3538":",","3539":"E","3540":"A","3541":"A","3542":"E","3543":",","3544":"Y","3545":"A","3546":"A","3547":"Y","3548":",","3549":"E","3550":"A","3551":"A","3552":"E","3553":";","3554":"E","3555":"A","3556":"A","3557":"E","3558":",","3559":"K","3560":"A","3561":"A","3562":"K","3563":",","3564":"E","3565":"A","3566":"A","3567":"E","3568":";","3569":"A","3570":"A","3571":"A","3572":"K","3573":",","3574":"C","3575":"A","3576":"A","3577":"C","3578":",","3579":"C","3580":"A","3581":"A","3582":"C","3583":";","3584":"A","3585":"A","3586":"C","3587":"7","3588":"D","3589":",","3590":"I","3591":"A","3592":"A","3593":"I","3594":",","3595":"K","3596":"A","3597":"A","3598":"K","3599":",","3600":"G","3601":"A","3602":"A","3603":"G","3604":",","3605":"O","3606":"A","3607":"A","3608":"O","3609":",","3610":"C","3611":"A","3612":"A","3613":"C","3614":",","3615":"K","3616":"A","3617":"A","3618":"K","3619":",","3620":"C","3621":"A","3622":"A","3623":"C","3624":";","3625":"A","3626":"A","3627":"C","3628":"1","3629":"B","3630":",","3631":"I","3632":"A","3633":"A","3634":"I","3635":",","3636":"K","3637":"A","3638":"A","3639":"K","3640":",","3641":"G","3642":"A","3643":"A","3644":"G","3645":",","3646":"O","3647":"A","3648":"A","3649":"O","3650":",","3651":"C","3652":"A","3653":"A","3654":"C","3655":",","3656":"K","3657":"A","3658":"A","3659":"K","3660":",","3661":"C","3662":"A","3663":"A","3664":"C","3665":";","3666":"A","3667":"A","3668":"C","3669":"1","3670":"B","3671":";","3672":"A","3673":"A","3674":"C","3675":"A","3676":",","3677":"I","3678":"A","3679":"A","3680":"I","3681":",","3682":"O","3683":"A","3684":"A","3685":"O","3686":",","3687":"G","3688":"A","3689":"A","3690":"G","3691":",","3692":"O","3693":"A","3694":"A","3695":"O","3696":",","3697":"C","3698":"A","3699":"A","3700":"C","3701":",","3702":"k","3703":"B","3704":"A","3705":"A","3706":"k","3707":"B","3708":",","3709":"C","3710":"A","3711":"A","3712":"C","3713":";","3714":"A","3715":"A","3716":"C","3717":"z","3718":"C","3719":";","3720":"A","3721":"A","3722":"C","3723":"A","3724":",","3725":"I","3726":"A","3727":"A","3728":"I","3729":",","3730":"k","3731":"B","3732":"A","3733":"A","3734":"k","3735":"B","3736":",","3737":"G","3738":"A","3739":"A","3740":"G","3741":",","3742":"O","3743":"A","3744":"A","3745":"O","3746":",","3747":"C","3748":"A","3749":"A","3750":"C","3751":",","3752":"+","3753":"B","3754":"A","3755":"A","3756":"+","3757":"B","3758":",","3759":"C","3760":"A","3761":"A","3762":"C","3763":";","3764":"A","3765":"A","3766":"C","3767":"j","3768":"E","3769":";","3770":"A","3771":"A","3772":"C","3773":"A","3774":",","3775":"I","3776":"A","3777":"A","3778":"I","3779":",","3780":"O","3781":"A","3782":"A","3783":"O","3784":",","3785":"G","3786":"A","3787":"A","3788":"G","3789":",","3790":"O","3791":"A","3792":"A","3793":"O","3794":",","3795":"C","3796":"A","3797":"A","3798":"C","3799":",","3800":"O","3801":"A","3802":"A","3803":"O","3804":",","3805":"C","3806":"A","3807":"A","3808":"C","3809":";","3810":"A","3811":"A","3812":"C","3813":"9","3814":"B","3815":",","3816":"I","3817":"A","3818":"A","3819":"I","3820":",","3821":"e","3822":"A","3823":"A","3824":"e","3825":",","3826":"G","3827":"A","3828":"A","3829":"G","3830":",","3831":"O","3832":"A","3833":"A","3834":"O","3835":",","3836":"C","3837":"A","3838":"A","3839":"C","3840":",","3841":"g","3842":"C","3843":"A","3844":"A","3845":"g","3846":"C","3847":",","3848":"C","3849":"A","3850":"A","3851":"C","3852":";","3853":"A","3854":"A","3855":"C","3856":"/","3857":"D","3858":",","3859":"I","3860":"A","3861":"A","3862":"I","3863":",","3864":"g","3865":"B","3866":"A","3867":"A","3868":"g","3869":"B","3870":",","3871":"G","3872":"A","3873":"A","3874":"G","3875":",","3876":"O","3877":"A","3878":"A","3879":"O","3880":",","3881":"C","3882":"A","3883":"A","3884":"C","3885":",","3886":"k","3887":"C","3888":"A","3889":"A","3890":"k","3891":"C","3892":",","3893":"C","3894":"A","3895":"A","3896":"C","3897":";","3898":"A","3899":"A","3900":"C","3901":"l","3902":"E","3903":",","3904":"O","3905":"A","3906":"A","3907":"O","3908":";","3909":"A","3910":"A","3911":"A","3912":"A","3913":";","3914":"A","3915":"A","3916":"A","3917":"A","3918":",","3919":"U","3920":"A","3921":"A","3922":"Q","3923":",","3924":"G","3925":"A","3926":"A","3927":"G","3928":",","3929":"C","3930":"A","3931":"A","3932":"C","3933":",","3934":"C","3935":"A","3936":"A","3937":"C","3938":",","3939":"E","3940":"A","3941":"A","3942":"E","3943":",","3944":"K","3945":"A","3946":"A","3947":"K","3948":",","3949":"C","3950":"A","3951":"A","3952":"C","3953":",","3954":"e","3955":"A","3956":"A","3957":"e","3958":",","3959":"E","3960":"A","3961":"A","3962":"E","3963":";","3964":"E","3965":"A","3966":"C","3967":"z","3968":"C","3969":",","3970":"M","3971":"A","3972":"A","3973":"M","3974":",","3975":"E","3976":"A","3977":"A","3978":"E","3979":",","3980":"M","3981":"A","3982":"A","3983":"M","3984":";","3985":"E","3986":"A","3987":"C","3988":"d","3989":",","3990":"K","3991":"A","3992":"A","3993":"K","3994":",","3995":"E","3996":"A","3997":"A","3998":"E","3999":";","4000":"E","4001":"A","4002":"A","4003":"A","4004":";","4005":"E","4006":"A","4007":"A","4008":"A","4009":",","4010":"M","4011":"A","4012":"A","4013":"U","4014":",","4015":"O","4016":"A","4017":"A","4018":"O","4019":",","4020":"E","4021":"A","4022":"A","4023":"E","4024":",","4025":"E","4026":"A","4027":"A","4028":"E","4029":",","4030":"E","4031":"A","4032":"A","4033":"E","4034":";","4035":"I","4036":"A","4037":"C","4038":"1","4039":"B","4040":",","4041":"I","4042":"A","4043":"A","4044":"I","4045":",","4046":"M","4047":"A","4048":"A","4049":"M","4050":",","4051":"G","4052":"A","4053":"A","4054":"G","4055":",","4056":"E","4057":"A","4058":"A","4059":"E","4060":",","4061":"C","4062":"A","4063":"A","4064":"C","4065":",","4066":"M","4067":"A","4068":"A","4069":"M","4070":";","4071":"I","4072":"A","4073":"C","4074":"t","4075":"B","4076":",","4077":"M","4078":"A","4079":"A","4080":"M","4081":",","4082":"E","4083":"A","4084":"A","4085":"E","4086":";","4087":"I","4088":"A","4089":"C","4090":"R","4091":";","4092":"I","4093":"A","4094":"C","4095":"A","4096":",","4097":"I","4098":"A","4099":"A","4100":"I","4101":",","4102":"g","4103":"B","4104":"A","4105":"A","4106":"g","4107":"B","4108":",","4109":"G","4110":"A","4111":"A","4112":"G","4113":",","4114":"C","4115":"A","4116":"A","4117":"C","4118":",","4119":"C","4120":"A","4121":"A","4122":"C","4123":",","4124":"E","4125":"A","4126":"A","4127":"E","4128":",","4129":"e","4130":"A","4131":"A","4132":"e","4133":",","4134":"C","4135":"A","4136":"A","4137":"C","4138":",","4139":"e","4140":"A","4141":"A","4142":"e","4143":",","4144":"G","4145":"A","4146":"A","4147":"G","4148":",","4149":"C","4150":"A","4151":"A","4152":"C","4153":",","4154":"g","4155":"B","4156":"A","4157":"A","4158":"g","4159":"B","4160":";","4161":"I","4162":"A","4163":"C","4164":"9","4165":"E","4166":",","4167":"I","4168":"A","4169":"A","4170":"I","4171":",","4172":"i","4173":"B","4174":"A","4175":"A","4176":"i","4177":"B","4178":",","4179":"G","4180":"A","4181":"A","4182":"G","4183":",","4184":"C","4185":"A","4186":"A","4187":"C","4188":",","4189":"C","4190":"A","4191":"A","4192":"C","4193":",","4194":"E","4195":"A","4196":"A","4197":"E","4198":",","4199":"g","4200":"B","4201":"A","4202":"A","4203":"g","4204":"B","4205":",","4206":"C","4207":"A","4208":"A","4209":"C","4210":",","4211":"g","4212":"B","4213":"A","4214":"A","4215":"g","4216":"B","4217":",","4218":"G","4219":"A","4220":"A","4221":"G","4222":",","4223":"C","4224":"A","4225":"A","4226":"C","4227":",","4228":"i","4229":"B","4230":"A","4231":"A","4232":"i","4233":"B","4234":";","4235":"I","4236":"A","4237":"C","4238":"l","4239":"F","4240":",","4241":"I","4242":"A","4243":"A","4244":"I","4245":",","4246":"a","4247":"A","4248":"A","4249":"a","4250":",","4251":"G","4252":"A","4253":"A","4254":"G","4255":",","4256":"C","4257":"A","4258":"A","4259":"C","4260":",","4261":"C","4262":"A","4263":"A","4264":"C","4265":",","4266":"E","4267":"A","4268":"A","4269":"E","4270":",","4271":"O","4272":"A","4273":"A","4274":"O","4275":",","4276":"C","4277":"A","4278":"A","4279":"C","4280":",","4281":"W","4282":"A","4283":"A","4284":"W","4285":",","4286":"E","4287":"A","4288":"A","4289":"E","4290":",","4291":"C","4292":"A","4293":"A","4294":"C","4295":",","4296":"C","4297":"A","4298":"A","4299":"C","4300":",","4301":"E","4302":"A","4303":"A","4304":"E","4305":",","4306":"e","4307":"A","4308":"A","4309":"e","4310":",","4311":"C","4312":"A","4313":"A","4314":"C","4315":",","4316":"e","4317":"A","4318":"A","4319":"e","4320":",","4321":"G","4322":"A","4323":"A","4324":"G","4325":",","4326":"C","4327":"A","4328":"A","4329":"C","4330":",","4331":"C","4332":"A","4333":"A","4334":"C","4335":",","4336":"a","4337":"A","4338":"A","4339":"a","4340":";","4341":"I","4342":"A","4343":"C","4344":"l","4345":"G","4346":";","4347":"I","4348":"A","4349":"C","4350":"A","4351":",","4352":"I","4353":"A","4354":"A","4355":"I","4356":",","4357":"U","4358":"A","4359":"A","4360":"U","4361":",","4362":"G","4363":"A","4364":"A","4365":"G","4366":",","4367":"C","4368":"A","4369":"A","4370":"C","4371":",","4372":"C","4373":"A","4374":"A","4375":"C","4376":",","4377":"E","4378":"A","4379":"A","4380":"E","4381":",","4382":"K","4383":"A","4384":"A","4385":"K","4386":",","4387":"C","4388":"A","4389":"A","4390":"C","4391":",","4392":"G","4393":"A","4394":"A","4395":"G","4396":",","4397":"E","4398":"A","4399":"A","4400":"E","4401":",","4402":"K","4403":"A","4404":"A","4405":"K","4406":",","4407":"C","4408":"A","4409":"A","4410":"C","4411":";","4412":"I","4413":"A","4414":"C","4415":"t","4416":"C","4417":";","4418":"I","4419":"A","4420":"C","4421":"A","4422":",","4423":"C","4424":"A","4425":"A","4426":"C","4427":",","4428":"C","4429":"A","4430":"A","4431":"C","4432":",","4433":"E","4434":"A","4435":"A","4436":"E","4437":",","4438":"K","4439":"A","4440":"A","4441":"K","4442":",","4443":"C","44
[...]
","4396":"\\","4397":"n","4398":"c","4399":"o","4400":"n","4401":"s","4402":"t","4403":" ","4404":"r","4405":"o","4406":"u","4407":"t","4408":"e","4409":" ","4410":"=","4411":" ","4412":"u","4413":"s","4414":"e","4415":"R","4416":"o","4417":"u","4418":"t","4419":"e","4420":"(","4421":")","4422":";","4423":"\\","4424":"n","4425":"\\","4426":"n","4427":"c","4428":"o","4429":"n","4430":"s","4431":"t","4432":" ","4433":"{","4434":" ","4435":"S","4436":"N","4437":"A","4438":"C","4439":"K","4440":"B","4441":"A","4442":"R","4443":"_","4444":"D","4445":"I","4446":"S","4447":"P","4448":"A","4449":"T","4450":"C","4451":"H","4452":" ","4453":"}","4454":" ","4455":"=","4456":" ","4457":"u","4458":"s","4459":"e","4460":"S","4461":"n","4462":"a","4463":"c","4464":"k","4465":"b","4466":"a","4467":"r","4468":"S","4469":"t","4470":"o","4471":"r","4472":"e","4473":"(","4474":")","4475":";","4476":"\\","4477":"n","4478":"c","4479":"o","4480":"n","4481":"s","4482":"t","4483":" ","4484":"{","4485":" ","4486":"S","4487":"N","4488":"A","4489":"C","4490":"K","4491":"B","4492":"A","4493":"R","4494":"_","4495":"S","4496":"T","4497":"A","4498":"T","4499":"E","4500":" ","4501":"}","4502":" ","4503":"=","4504":" ","4505":"s","4506":"t","4507":"o","4508":"r","4509":"e","4510":"T","4511":"o","4512":"R","4513":"e","4514":"f","4515":"s","4516":"(","4517":"u","4518":"s","4519":"e","4520":"S","4521":"n","4522":"a","4523":"c","4524":"k","4525":"b","4526":"a","4527":"r","4528":"S","4529":"t","4530":"o","4531":"r","4532":"e","4533":"(","4534":")","4535":")","4536":";","4537":"\\","4538":"n","4539":"\\","4540":"n","4541":"/","4542":"/","4543":" ","4544":"L","4545":"I","4546":"F","4547":"E","4548":"C","4549":"Y","4550":"C","4551":"L","4552":"E","4553":"\\","4554":"n","4555":"o","4556":"n","4557":"M","4558":"o","4559":"u","4560":"n","4561":"t","4562":"e","4563":"d","4564":"(","4565":"(","4566":")","4567":" ","4568":"=","4569":">","4570":" ","4571":"{","4572":"\\","4573":"n","4574":" ","4575":" ","4576":"S","4577":"N","4578":"A","4579":"C","4580":"K","4581":"B","4582":"A","4583":"R","4584":"_","4585":"D","4586":"I","4587":"S","4588":"P","4589":"A","4590":"T","4591":"C","4592":"H","4593":"(","4594":"{","4595":"\\","4596":"n","4597":" ","4598":" ","4599":" ","4600":" ","4601":"m","4602":"o","4603":"d","4604":"e","4605":"l","4606":":","4607":" ","4608":"f","4609":"a","4610":"l","4611":"s","4612":"e","4613":",","4614":"\\","4615":"n","4616":" ","4617":" ","4618":" ","4619":" ","4620":"b","4621":"g","4622":"C","4623":"o","4624":"l","4625":"o","4626":"r","4627":":","4628":" ","4629":"'","4630":"n","4631":"e","4632":"g","4633":"a","4634":"t","4635":"i","4636":"v","4637":"e","4638":"'","4639":",","4640":"\\","4641":"n","4642":" ","4643":" ","4644":" ","4645":" ","4646":"t","4647":"e","4648":"x","4649":"t","4650":":","4651":" ","4652":"'","4653":"E","4654":"r","4655":"r","4656":"o","4657":" ","4658":"n","4659":"o","4660":" ","4661":"r","4662":"e","4663":"q","4664":"u","4665":"e","4666":"s","4667":"t","4668":"!","4669":"'","4670":",","4671":"\\","4672":"n","4673":" ","4674":" ","4675":" ","4676":" ","4677":"i","4678":"c","4679":"o","4680":"n","4681":":","4682":" ","4683":"'","4684":"w","4685":"a","4686":"r","4687":"n","4688":"i","4689":"n","4690":"g","4691":"'","4692":",","4693":"\\","4694":"n","4695":" ","4696":" ","4697":" ","4698":" ","4699":"a","4700":"c","4701":"t","4702":"i","4703":"o","4704":"n","4705":"L","4706":"a","4707":"b","4708":"e","4709":"l","4710":"C","4711":"o","4712":"l","4713":"o","4714":"r","4715":":","4716":" ","4717":"'","4718":"w","4719":"h","4720":"i","4721":"t","4722":"e","4723":"'","4724":",","4725":"\\","4726":"n","4727":" ","4728":" ","4729":" ","4730":" ","4731":"t","4732":"e","4733":"x","4734":"t","4735":"C","4736":"o","4737":"l","4738":"o","4739":"r","4740":":","4741":" ","4742":"'","4743":"w","4744":"h","4745":"i","4746":"t","4747":"e","4748":"'","4749":",","4750":"\\","4751":"n","4752":" ","4753":" ","4754":"}","4755":")","4756":";","4757":"\\","4758":"n","4759":"}","4760":")","4761":";","4762":"\\","4763":"n","4764":"\\","4765":"n","4766":"/","4767":"/","4768":" ","4769":"M","4770":"E","4771":"T","4772":"H","4773":"O","4774":"D","4775":"S","4776":"\\","4777":"n","4778":"f","4779":"u","4780":"n","4781":"c","4782":"t","4783":"i","4784":"o","4785":"n","4786":" ","4787":"o","4788":"n","4789":"S","4790":"u","4791":"b","4792":"m","4793":"i","4794":"t","4795":"(","4796":")","4797":" ","4798":"{","4799":"\\","4800":"n","4801":" ","4802":" ","4803":"l","4804":"o","4805":"a","4806":"d","4807":"i","4808":"n","4809":"g","4810":" ","4811":"=","4812":" ","4813":"r","4814":"e","4815":"f","4816":"(","4817":"t","4818":"r","4819":"u","4820":"e","4821":")","4822":";","4823":"\\","4824":"n","4825":" ","4826":" ","4827":"m","4828":"y","4829":"F","4830":"o","4831":"r","4832":"m","4833":".","4834":"v","4835":"a","4836":"l","4837":"u","4838":"e","4839":".","4840":"v","4841":"a","4842":"l","4843":"i","4844":"d","4845":"a","4846":"t","4847":"e","4848":"(","4849":")","4850":".","4851":"t","4852":"h","4853":"e","4854":"n","4855":"(","4856":"(","4857":"s","4858":"u","4859":"c","4860":"c","4861":"e","4862":"s","4863":"s","4864":":","4865":" ","4866":"a","4867":"n","4868":"y","4869":")","4870":" ","4871":"=","4872":">","4873":" ","4874":"{","4875":"\\","4876":"n","4877":" ","4878":" ","4879":" ","4880":" ","4881":"i","4882":"f","4883":" ","4884":"(","4885":"s","4886":"u","4887":"c","4888":"c","4889":"e","4890":"s","4891":"s","4892":")","4893":" ","4894":"{","4895":"\\","4896":"n","4897":" ","4898":" ","4899":" ","4900":" ","4901":" ","4902":" ","4903":"l","4904":"o","4905":"a","4906":"d","4907":"i","4908":"n","4909":"g","4910":" ","4911":"=","4912":" ","4913":"r","4914":"e","4915":"f","4916":"(","4917":"f","4918":"a","4919":"l","4920":"s","4921":"e","4922":")","4923":";","4924":"\\","4925":"n","4926":" ","4927":" ","4928":" ","4929":" ","4930":" ","4931":" ","4932":"l","4933":"o","4934":"c","4935":"a","4936":"l","4937":"S","4938":"t","4939":"o","4940":"r","4941":"a","4942":"g","4943":"e","4944":".","4945":"s","4946":"e","4947":"t","4948":"I","4949":"t","4950":"e","4951":"m","4952":"(","4953":"'","4954":"A","4955":"C","4956":"C","4957":"E","4958":"S","4959":"S","4960":"_","4961":"T","4962":"O","4963":"K","4964":"E","4965":"N","4966":"'","4967":",","4968":" ","4969":"'","4970":"t","4971":"e","4972":"s","4973":"t","4974":"e","4975":"'","4976":")","4977":";","4978":"\\","4979":"n","4980":" ","4981":" ","4982":" ","4983":" ","4984":" ","4985":" ","4986":"r","4987":"o","4988":"u","4989":"t","4990":"e","4991":"r","4992":".","4993":"p","4994":"u","4995":"s","4996":"h","4997":"(","4998":"'","4999":"/","5000":"'","5001":")","5002":";","5003":"\\","5004":"n","5005":" ","5006":" ","5007":" ","5008":" ","5009":"}","5010":"\\","5011":"n","5012":" ","5013":" ","5014":"}","5015":")","5016":";","5017":"\\","5018":"n","5019":"}","5020":"\\","5021":"n","5022":"\\","5023":"n","5024":"f","5025":"u","5026":"n","5027":"c","5028":"t","5029":"i","5030":"o","5031":"n","5032":" ","5033":"o","5034":"n","5035":"R","5036":"e","5037":"s","5038":"e","5039":"t","5040":"(","5041":")","5042":" ","5043":"{","5044":"\\","5045":"n","5046":" ","5047":" ","5048":"u","5049":"s","5050":"e","5051":"r","5052":".","5053":"v","5054":"a","5055":"l","5056":"u","5057":"e","5058":" ","5059":"=","5060":" ","5061":"n","5062":"u","5063":"l","5064":"l","5065":";","5066":"\\","5067":"n","5068":" ","5069":" ","5070":"p","5071":"a","5072":"s","5073":"s","5074":"w","5075":"o","5076":"r","5077":"d","5078":".","5079":"v","5080":"a","5081":"l","5082":"u","5083":"e","5084":" ","5085":"=","5086":" ","5087":"n","5088":"u","5089":"l","5090":"l","5091":";","5092":"\\","5093":"n","5094":"}","5095":"\\","5096":"n","5097":"<","5098":"/","5099":"s","5100":"c","5101":"r","5102":"i","5103":"p","5104":"t","5105":">","5106":"\\","5107":"n","5108":"\"","5109":"]","5110":"}"},"_coverageSchema":"1a1c01bbd47fc00a2c39e90264f33305004495a9","hash":"bc250788cc739d97187ffb14288ce8aca330eb10"}
,"/Users/denisibanezrodriguesvieira/Documents/Projetos/master/apps/purevite/scaffolding-ui/src/views/notFound/ErrorNotFound.vue": {"path":"/Users/denisibanezrodriguesvieira/Documents/Projetos/master/apps/purevite/scaffolding-ui/src/views/notFound/ErrorNotFound.vue","statementMap":{"0":{"start":{"line":4,"column":0},"end":{"line":6,"column":3}},"1":{"start":{"line":7,"column":0},"end":{"line":7,"column":28}},"2":{"start":{"line":23,"column":0},"end":{"line":23,"column":13}},"3":{"start":{"line":25,"column":0},"end":{"line":27,"column":3}},"4":{"start":{"line":28,"column":0},"end":{"line":28,"column":24}},"5":{"start":{"line":29,"column":11},"end":{"line":29,"column":25}},"6":{"start":{"line":30,"column":17},"end":{"line":32,"column":1}},"7":{"start":{"line":33,"column":30},"end":{"line":37,"column":27}},"8":{"start":{"line":38,"column":30},"end":{"line":43,"column":37}},"9":{"start":{"line":46,"column":25},"end":{"line":46,"column":60}},"10":{"start":{"line":47,"column":2},"end":{"line":55,"column":9}},"11":{"start":{"line":56,"column":2},"end":{"line":56,"column":49}}},"fnMap":{"0":{"name":"render","decl":{"start":{"line":45,"column":9},"end":{"line":45,"column":15}},"loc":{"start":{"line":45,"column":30},"end":{"line":56,"column":1}},"line":45}},"branchMap":{},"s":{"0":1,"1":1,"2":1,"3":1,"4":1,"5":1,"6":1,"7":1,"8":1,"9":1,"10":1,"11":1},"f":{"0":1},"b":{},"inputSourceMap":{"0":"{","1":"\"","2":"v","3":"e","4":"r","5":"s","6":"i","7":"o","8":"n","9":"\"","10":":","11":"3","12":",","13":"\"","14":"s","15":"o","16":"u","17":"r","18":"c","19":"e","20":"s","21":"\"","22":":","23":"[","24":"\"","25":"/","26":"U","27":"s","28":"e","29":"r","30":"s","31":"/","32":"d","33":"e","34":"n","35":"i","36":"s","37":"i","38":"b","39":"a","40":"n","41":"e","42":"z","43":"r","44":"o","45":"d","46":"r","47":"i","48":"g","49":"u","50":"e","51":"s","52":"v","53":"i","54":"e","55":"i","56":"r","57":"a","58":"/","59":"D","60":"o","61":"c","62":"u","63":"m","64":"e","65":"n","66":"t","67":"s","68":"/","69":"P","70":"r","71":"o","72":"j","73":"e","74":"t","75":"o","76":"s","77":"/","78":"m","79":"a","80":"s","81":"t","82":"e","83":"r","84":"/","85":"a","86":"p","87":"p","88":"s","89":"/","90":"p","91":"u","92":"r","93":"e","94":"v","95":"i","96":"t","97":"e","98":"/","99":"s","100":"c","101":"a","102":"f","103":"f","104":"o","105":"l","106":"d","107":"i","108":"n","109":"g","110":"-","111":"u","112":"i","113":"/","114":"s","115":"r","116":"c","117":"/","118":"v","119":"i","120":"e","121":"w","122":"s","123":"/","124":"n","125":"o","126":"t","127":"F","128":"o","129":"u","130":"n","131":"d","132":"/","133":"E","134":"r","135":"r","136":"o","137":"r","138":"N","139":"o","140":"t","141":"F","142":"o","143":"u","144":"n","145":"d","146":".","147":"v","148":"u","149":"e","150":"\"","151":"]","152":",","153":"\"","154":"n","155":"a","156":"m","157":"e","158":"s","159":"\"","160":":","161":"[","162":"]","163":",","164":"\"","165":"m","166":"a","167":"p","168":"p","169":"i","170":"n","171":"g","172":"s","173":"\"","174":":","175":"\"","176":";","177":";","178":";","179":";","180":";","181":";","182":";","183":"A","184":"A","185":"u","186":"B","187":"A","188":";","189":"A","190":"A","191":"A","192":"A","193":";","194":"A","195":"A","196":"A","197":"A","198":";","199":"A","200":"A","201":"A","202":"s","203":"C","204":";","205":"A","206":"A","207":"A","208":"A","209":";","210":"A","211":"A","212":"E","213":"v","214":"B","215":";","216":"A","217":"A","218":"A","219":"A","220":";","221":"A","222":"A","223":"A","224":"A","225":";","226":"A","227":"A","228":"A","229":"A","230":";","231":"A","232":"A","233":"A","234":"A","235":";","236":"A","237":"A","238":"A","239":"A","240":",","241":"e","242":"A","243":"A","244":"e","245":",","246":"E","247":"A","248":"A","249":"C","250":";","251":"E","252":"A","253":"C","254":"7","255":"B","256":",","257":"I","258":"A","259":"A","260":"I","261":",","262":"E","263":"A","264":"A","265":"E","266":";","267":"A","268":"A","269":"C","270":"R","271":",","272":"C","273":"A","274":"A","275":"C","276":",","277":"C","278":"A","279":"A","280":"C","281":";","282":"A","283":"A","284":"A","285":"A","286":";","287":"A","288":"A","289":"A","290":"A","291":"\"","292":",","293":"\"","294":"f","295":"i","296":"l","297":"e","298":"\"","299":":","300":"\"","301":"/","302":"U","303":"s","304":"e","305":"r","306":"s","307":"/","308":"d","309":"e","310":"n","311":"i","312":"s","313":"i","314":"b","315":"a","316":"n","317":"e","318":"z","319":"r","320":"o","321":"d","322":"r","323":"i","324":"g","325":"u","326":"e","327":"s","328":"v","329":"i","330":"e","331":"i","332":"r","333":"a","334":"/","335":"D","336":"o","337":"c","338":"u","339":"m","340":"e","341":"n","342":"t","343":"s","344":"/","345":"P","346":"r","347":"o","348":"j","349":"e","350":"t","351":"o","352":"s","353":"/","354":"m","355":"a","356":"s","357":"t","358":"e","359":"r","360":"/","361":"a","362":"p","363":"p","364":"s","365":"/","366":"p","367":"u","368":"r","369":"e","370":"v","371":"i","372":"t","373":"e","374":"/","375":"s","376":"c","377":"a","378":"f","379":"f","380":"o","381":"l","382":"d","383":"i","384":"n","385":"g","386":"-","387":"u","388":"i","389":"/","390":"s","391":"r","392":"c","393":"/","394":"v","395":"i","396":"e","397":"w","398":"s","399":"/","400":"n","401":"o","402":"t","403":"F","404":"o","405":"u","406":"n","407":"d","408":"/","409":"E","410":"r","411":"r","412":"o","413":"r","414":"N","415":"o","416":"t","417":"F","418":"o","419":"u","420":"n","421":"d","422":".","423":"v","424":"u","425":"e","426":"\"","427":",","428":"\"","429":"s","430":"o","431":"u","432":"r","433":"c","434":"e","435":"s","436":"C","437":"o","438":"n","439":"t","440":"e","441":"n","442":"t","443":"\"","444":":","445":"[","446":"\"","447":"<","448":"t","449":"e","450":"m","451":"p","452":"l","453":"a","454":"t","455":"e","456":">","457":"\\","458":"n","459":" ","460":" ","461":"<","462":"d","463":"i","464":"v","465":"\\","466":"n","467":" ","468":" ","469":" ","470":" ","471":"c","472":"l","473":"a","474":"s","475":"s","476":"=","477":"\\","478":"\"","479":"f","480":"u","481":"l","482":"l","483":"s","484":"c","485":"r","486":"e","487":"e","488":"n","489":" ","490":"b","491":"g","492":"-","493":"b","494":"l","495":"u","496":"e","497":" ","498":"t","499":"e","500":"x","501":"t","502":"-","503":"w","504":"h","505":"i","506":"t","507":"e","508":" ","509":"t","510":"e","511":"x","512":"t","513":"-","514":"c","515":"e","516":"n","517":"t","518":"e","519":"r","520":" ","521":"q","522":"-","523":"p","524":"a","525":"-","526":"m","527":"d","528":" ","529":"f","530":"l","531":"e","532":"x","533":" ","534":"f","535":"l","536":"e","537":"x","538":"-","539":"c","540":"e","541":"n","542":"t","543":"e","544":"r","545":"\\","546":"\"","547":"\\","548":"n","549":" ","550":" ","551":">","552":"\\","553":"n","554":" ","555":" ","556":" ","557":" ","558":"<","559":"d","560":"i","561":"v","562":">","563":"\\","564":"n","565":" ","566":" ","567":" ","568":" ","569":" ","570":" ","571":"<","572":"d","573":"i","574":"v","575":" ","576":"s","577":"t","578":"y","579":"l","580":"e","581":"=","582":"\\","583":"\"","584":"f","585":"o","586":"n","587":"t","588":"-","589":"s","590":"i","591":"z","592":"e","593":":","594":" ","595":"3","596":"0","597":"v","598":"h","599":"\\","600":"\"","601":">","602":"4","603":"0","604":"4","605":"<","606":"/","607":"d","608":"i","609":"v","610":">","611":"\\","612":"n","613":"\\","614":"n","615":" ","616":" ","617":" ","618":" ","619":" ","620":" ","621":"<","622":"d","623":"i","624":"v","625":" ","626":"c","627":"l","628":"a","629":"s","630":"s","631":"=","632":"\\","633":"\"","634":"t","635":"e","636":"x","637":"t","638":"-","639":"h","640":"2","641":"\\","642":"\"","643":" ","644":"s","645":"t","646":"y","647":"l","648":"e","649":"=","650":"\\","651":"\"","652":"o","653":"p","654":"a","655":"c","656":"i","657":"t","658":"y","659":":","660":" ","661":"0","662":".","663":"4","664":"\\","665":"\"","666":">","667":"O","668":"o","669":"p","670":"s","671":".","672":" ","673":"E","674":"r","675":"r","676":"o","677":".","678":".","679":".","680":"<","681":"/","682":"d","683":"i","684":"v","685":">","686":"\\","687":"n","688":"\\","689":"n","690":" ","691":" ","692":" ","693":" ","694":" ","695":" ","696":"<","697":"q","698":"-","699":"b","700":"t","701":"n","702":"\\","703":"n","704":" ","705":" ","706":" ","707":" ","708":" ","709":" ","710":" ","711":" ","712":"c","713":"l","714":"a","715":"s","716":"s","717":"=","718":"\\","719":"\"","720":"q","721":"-","722":"m","723":"t","724":"-","725":"x","726":"l","727":"\\","728":"\"","729":"\\","730":"n","731":" ","732":" ","733":" ","734":" ","735":" ","736":" ","737":" ","738":" ","739":"c","740":"o","741":"l","742":"o","743":"r","744":"=","745":"\\","746":"\"","747":"w","748":"h","749":"i","750":"t","751":"e","752":"\\","753":"\"","754":"\\","755":"n","756":" ","757":" ","758":" ","759":" ","760":" ","761":" ","762":" ","763":" ","764":"t","765":"e","766":"x","767":"t","768":"-","769":"c","770":"o","771":"l","772":"o","773":"r","774":"=","775":"\\","776":"\"","777":"b","778":"l","779":"u","780":"e","781":"\\","782":"\"","783":"\\","784":"n","785":" ","786":" ","787":" ","788":" ","789":" ","790":" ","791":" ","792":" ","793":"u","794":"n","795":"e","796":"l","797":"e","798":"v","799":"a","800":"t","801":"e","802":"d","803":"\\","804":"n","805":" ","806":" ","807":" ","808":" ","809":" ","810":" ","811":" ","812":" ","813":"t","814":"o","815":"=","816":"\\","817":"\"","818":"/","819":"\\","820":"\"","821":"\\","822":"n","823":" ","824":" ","825":" ","826":" ","827":" ","828":" ","829":" ","830":" ","831":"l","832":"a","833":"b","834":"e","835":"l","836":"=","837":"\\","838":"\"","839":"G","840":"o","841":" ","842":"H","843":"o","844":"m","845":"e","846":"\\","847":"\"","848":"\\","849":"n","850":" ","851":" ","852":" ","853":" ","854":" ","855":" ","856":" ","857":" ","858":"n","859":"o","860":"-","861":"c","862":"a","863":"p","864":"s","865":"\\","866":"n","867":" ","868":" ","869":" ","870":" ","871":" ","872":" ","873":"/","874":">","875":"\\","876":"n","877":" ","878":" ","879":" ","880":" ","881":"<","882":"/","883":"d","884":"i","885":"v","886":">","887":"\\","888":"n","889":" ","890":" ","891":"<","892":"/","893":"d","894":"i","895":"v","896":">","897":"\\","898":"n","899":"<","900":"/","901":"t","902":"e","903":"m","904":"p","905":"l","906":"a","907":"t","908":"e","909":">","910":"\\","911":"n","912":"\\","913":"n","914":"<","915":"s","916":"c","917":"r","918":"i","919":"p","920":"t","921":">","922":"\\","923":"n","924":"i","925":"m","926":"p","927":"o","928":"r","929":"t","930":" ","931":"{","932":" ","933":"d","934":"e","935":"f","936":"i","937":"n","938":"e","939":"C","940":"o","941":"m","942":"p","943":"o","944":"n","945":"e","946":"n","947":"t","948":" ","949":"}","950":" ","951":"f","952":"r","953":"o","954":"m","955":" ","956":"'","957":"v","958":"u","959":"e","960":"'","961":";","962":"\\","963":"n","964":"\\","965":"n","966":"e","967":"x","968":"p","969":"o","970":"r","971":"t","972":" ","973":"d","974":"e","975":"f","976":"a","977":"u","978":"l","979":"t","980":" ","981":"d","982":"e","983":"f","984":"i","985":"n","986":"e","987":"C","988":"o","989":"m","990":"p","991":"o","992":"n","993":"e","994":"n","995":"t","996":"(","997":"{","998":"\\","999":"n","1000":" ","1001":" ","1002":"n","1003":"a","1004":"m","1005":"e","1006":":","1007":" ","1008":"'","1009":"E","1010":"r","1011":"r","1012":"o","1013":"r","1014":"N","1015":"o","1016":"t","1017":"F","1018":"o","1019":"u","1020":"n","1021":"d","1022":"'","1023":",","1024":"\\","1025":"n","1026":"}","1027":")","1028":";","1029":"\\","1030":"n","1031":"<","1032":"/","1033":"s","1034":"c","1035":"r","1036":"i","1037":"p","1038":"t","1039":">","1040":"\\","1041":"n","1042":"\"","1043":"]","1044":"}"},"_coverageSchema":"1a1c01bbd47fc00a2c39e90264f33305004495a9","hash":"bd19f4b71f01f05f8a7734fd1fc9681e16b615b1"}
}
