TN:
SF:src/App.vue
FN:8,render
FNF:1
FNH:1
FNDA:1,render
DA:3,1
DA:6,1
DA:7,1
DA:9,1
DA:10,1
DA:11,1
LF:6
LH:6
BRF:0
BRH:0
end_of_record
TN:
SF:src/services/index.js
FNF:0
FNH:0
LF:0
LH:0
BRF:0
BRH:0
end_of_record
TN:
SF:src/services/interceptor.js
FN:9,(anonymous_0)
FN:16,(anonymous_1)
FN:23,(anonymous_2)
FN:24,(anonymous_3)
FNF:4
FNH:0
FNDA:0,(anonymous_0)
FNDA:0,(anonymous_1)
FNDA:0,(anonymous_2)
FNDA:0,(anonymous_3)
DA:5,1
DA:8,1
DA:10,0
DA:11,0
DA:12,0
DA:14,0
DA:17,0
DA:22,1
DA:23,0
DA:25,0
DA:26,0
DA:43,0
DA:56,0
LF:13
LH:3
BRDA:11,0,0,0
BRDA:11,0,1,0
BRDA:26,1,0,0
BRDA:26,1,1,0
BRDA:26,2,0,0
BRDA:26,2,1,0
BRDA:43,3,0,0
BRDA:43,3,1,0
BRF:8
BRH:0
end_of_record
TN:
SF:src/services/plugins/request.js
FN:3,(anonymous_0)
FN:7,(anonymous_1)
FNF:2
FNH:0
FNDA:0,(anonymous_0)
FNDA:0,(anonymous_1)
DA:9,0
DA:10,0
DA:11,0
DA:13,0
DA:15,0
LF:5
LH:0
BRDA:7,0,0,0
BRF:1
BRH:0
end_of_record
TN:
SF:src/services/template/example.service.js
FN:5,(anonymous_0)
FN:17,(anonymous_1)
FNF:2
FNH:0
FNDA:0,(anonymous_0)
FNDA:0,(anonymous_1)
DA:6,0
DA:18,0
LF:2
LH:0
BRF:0
BRH:0
end_of_record
TN:
SF:src/stores/loading/loading.store.ts
FN:4,(anonymous_0)
FN:8,(anonymous_1)
FNF:2
FNH:1
FNDA:2,(anonymous_0)
FNDA:0,(anonymous_1)
DA:1,2
DA:3,2
DA:5,2
DA:9,0
LF:4
LH:3
BRF:0
BRH:0
end_of_record
TN:
SF:src/stores/snackbar/snackbar.store.ts
FN:4,(anonymous_0)
FN:15,(anonymous_1)
FNF:2
FNH:0
FNDA:0,(anonymous_0)
FNDA:0,(anonymous_1)
DA:1,3
DA:3,3
DA:4,0
DA:16,0
LF:4
LH:2
BRF:0
BRH:0
end_of_record
TN:
SF:src/views/home/Home.vue
FN:7,(anonymous_0)
FN:8,adopt
FN:9,(anonymous_2)
FN:13,(anonymous_3)
FN:14,fulfilled
FN:21,rejected
FN:28,step
FN:38,(anonymous_7)
FN:43,sent
FN:58,(anonymous_9)
FN:61,verb
FN:62,(anonymous_11)
FN:66,step
FN:147,setup
FN:157,(anonymous_14)
FN:161,getExample
FN:162,(anonymous_16)
FN:164,(anonymous_17)
FN:169,(anonymous_18)
FN:179,(anonymous_19)
FN:189,(anonymous_20)
FN:207,(anonymous_21)
FN:226,render
FN:233,(anonymous_23)
FNF:24
FNH:2
FNDA:0,(anonymous_0)
FNDA:0,adopt
FNDA:0,(anonymous_2)
FNDA:0,(anonymous_3)
FNDA:0,fulfilled
FNDA:0,rejected
FNDA:0,step
FNDA:0,(anonymous_7)
FNDA:0,sent
FNDA:0,(anonymous_9)
FNDA:0,verb
FNDA:0,(anonymous_11)
FNDA:0,step
FNDA:1,setup
FNDA:0,(anonymous_14)
FNDA:0,getExample
FNDA:0,(anonymous_16)
FNDA:0,(anonymous_17)
FNDA:0,(anonymous_18)
FNDA:0,(anonymous_19)
FNDA:0,(anonymous_20)
FNDA:0,(anonymous_21)
FNDA:1,render
FNDA:0,(anonymous_23)
DA:5,1
DA:9,0
DA:10,0
DA:13,0
DA:15,0
DA:16,0
DA:18,0
DA:22,0
DA:23,0
DA:25,0
DA:29,0
DA:31,0
DA:36,1
DA:39,0
DA:44,0
DA:45,0
DA:54,0
DA:59,0
DA:62,0
DA:63,0
DA:67,0
DA:68,0
DA:69,0
DA:70,0
DA:71,0
DA:74,0
DA:75,0
DA:77,0
DA:78,0
DA:83,0
DA:84,0
DA:85,0
DA:86,0
DA:88,0
DA:89,0
DA:90,0
DA:92,0
DA:93,0
DA:94,0
DA:96,0
DA:97,0
DA:98,0
DA:100,0
DA:101,0
DA:102,0
DA:103,0
DA:105,0
DA:106,0
DA:107,0
DA:108,0
DA:110,0
DA:111,0
DA:112,0
DA:114,0
DA:116,0
DA:117,0
DA:119,0
DA:121,0
DA:122,0
DA:128,1
DA:131,1
DA:132,1
DA:134,1
DA:136,1
DA:138,1
DA:139,1
DA:140,1
DA:141,1
DA:148,1
DA:149,1
DA:151,1
DA:152,0
DA:153,0
DA:155,0
DA:157,0
DA:158,0
DA:162,0
DA:164,0
DA:165,0
DA:167,0
DA:168,0
DA:169,0
DA:170,0
DA:171,0
DA:180,0
DA:181,0
DA:190,0
DA:191,0
DA:194,0
DA:195,0
DA:201,0
DA:208,0
DA:211,0
DA:215,0
DA:219,1
DA:220,1
DA:221,1
DA:222,1
DA:227,1
DA:233,0
DA:238,1
DA:239,1
LF:102
LH:21
BRDA:5,0,0,1
BRDA:5,0,1,1
BRDA:9,1,0,0
BRDA:9,1,1,0
BRDA:13,2,0,0
BRDA:13,2,1,0
BRDA:29,3,0,0
BRDA:29,3,1,0
BRDA:31,4,0,0
BRDA:31,4,1,0
BRDA:36,5,0,1
BRDA:36,5,1,1
BRDA:44,6,0,0
BRDA:44,6,1,0
BRDA:58,7,0,0
BRDA:58,7,1,0
BRDA:67,8,0,0
BRDA:67,8,1,0
BRDA:68,9,0,0
BRDA:68,9,1,0
BRDA:68,10,0,0
BRDA:68,10,1,0
BRDA:69,11,0,0
BRDA:69,11,1,0
BRDA:69,12,0,0
BRDA:69,12,1,0
BRDA:69,12,2,0
BRDA:69,13,0,0
BRDA:69,13,1,0
BRDA:69,14,0,0
BRDA:69,14,1,0
BRDA:69,15,0,0
BRDA:69,15,1,0
BRDA:69,16,0,0
BRDA:69,16,1,0
BRDA:70,17,0,0
BRDA:70,17,1,0
BRDA:71,18,0,0
BRDA:71,18,1,0
BRDA:71,18,2,0
BRDA:71,18,3,0
BRDA:71,18,4,0
BRDA:71,18,5,0
BRDA:92,19,0,0
BRDA:92,19,1,0
BRDA:92,20,0,0
BRDA:92,20,1,0
BRDA:92,20,2,0
BRDA:92,21,0,0
BRDA:92,21,1,0
BRDA:96,22,0,0
BRDA:96,22,1,0
BRDA:96,23,0,0
BRDA:96,23,1,0
BRDA:96,23,2,0
BRDA:96,23,3,0
BRDA:100,24,0,0
BRDA:100,24,1,0
BRDA:100,25,0,0
BRDA:100,25,1,0
BRDA:105,26,0,0
BRDA:105,26,1,0
BRDA:105,27,0,0
BRDA:105,27,1,0
BRDA:110,28,0,0
BRDA:110,28,1,0
BRDA:121,29,0,0
BRDA:121,29,1,0
BRDA:123,30,0,0
BRDA:123,30,1,0
BRDA:165,31,0,0
BRDA:165,31,1,0
BRDA:227,32,0,1
BRDA:227,32,1,0
BRDA:233,33,0,1
BRDA:233,33,1,1
BRF:76
BRH:7
end_of_record
TN:
SF:src/views/layout/Layout.vue
FN:23,setup
FN:35,toggleLeftDrawer
FN:38,logoff
FN:43,(anonymous_3)
FN:46,(anonymous_4)
FN:55,(anonymous_5)
FN:58,(anonymous_6)
FN:73,render
FN:85,(anonymous_8)
FN:87,(anonymous_9)
FN:89,(anonymous_10)
FN:99,(anonymous_11)
FN:116,(anonymous_12)
FN:120,(anonymous_13)
FN:122,(anonymous_14)
FN:124,(anonymous_15)
FN:136,(anonymous_16)
FNF:17
FNH:6
FNDA:1,setup
FNDA:0,toggleLeftDrawer
FNDA:0,logoff
FNDA:0,(anonymous_3)
FNDA:0,(anonymous_4)
FNDA:0,(anonymous_5)
FNDA:0,(anonymous_6)
FNDA:1,render
FNDA:1,(anonymous_8)
FNDA:1,(anonymous_9)
FNDA:1,(anonymous_10)
FNDA:1,(anonymous_11)
FNDA:0,(anonymous_12)
FNDA:0,(anonymous_13)
FNDA:0,(anonymous_14)
FNDA:0,(anonymous_15)
FNDA:0,(anonymous_16)
DA:3,1
DA:6,1
DA:7,1
DA:9,1
DA:11,1
DA:13,1
DA:14,1
DA:15,1
DA:17,1
DA:24,1
DA:25,1
DA:27,1
DA:30,1
DA:31,0
DA:32,0
DA:33,0
DA:36,0
DA:39,0
DA:40,0
DA:42,0
DA:44,0
DA:47,0
DA:56,0
DA:59,0
DA:62,0
DA:66,0
DA:70,1
DA:71,1
DA:72,1
DA:74,1
DA:75,1
DA:76,1
DA:77,1
DA:78,1
DA:79,1
DA:80,1
DA:81,1
DA:82,1
DA:83,1
DA:84,1
DA:85,1
DA:87,1
DA:89,1
DA:99,1
DA:116,0
DA:120,0
DA:122,0
DA:124,0
DA:136,0
DA:158,1
DA:159,1
LF:51
LH:33
BRDA:116,0,0,0
BRDA:116,0,1,0
BRF:2
BRH:0
end_of_record
TN:
SF:src/views/login/Login.vue
FN:22,setup
FN:35,(anonymous_1)
FN:46,onSubmit
FN:48,(anonymous_3)
FN:56,onReset
FN:64,(anonymous_5)
FN:67,(anonymous_6)
FN:76,(anonymous_7)
FN:96,render
FN:108,(anonymous_9)
FN:111,(anonymous_10)
FN:115,(anonymous_11)
FN:120,(anonymous_12)
FN:125,(anonymous_13)
FNF:14
FNH:3
FNDA:1,setup
FNDA:0,(anonymous_1)
FNDA:0,onSubmit
FNDA:0,(anonymous_3)
FNDA:0,onReset
FNDA:0,(anonymous_5)
FNDA:0,(anonymous_6)
FNDA:0,(anonymous_7)
FNDA:1,render
FNDA:1,(anonymous_9)
FNDA:0,(anonymous_10)
FNDA:0,(anonymous_11)
FNDA:0,(anonymous_12)
FNDA:0,(anonymous_13)
DA:3,1
DA:6,1
DA:7,1
DA:9,1
DA:11,1
DA:12,1
DA:14,1
DA:16,1
DA:23,1
DA:24,1
DA:26,1
DA:27,1
DA:28,1
DA:29,1
DA:30,1
DA:31,1
DA:32,1
DA:33,0
DA:35,0
DA:36,0
DA:47,0
DA:48,0
DA:49,0
DA:50,0
DA:51,0
DA:52,0
DA:57,0
DA:58,0
DA:60,0
DA:65,0
DA:68,0
DA:77,0
DA:80,0
DA:84,0
DA:88,1
DA:89,1
DA:90,1
DA:91,1
DA:92,1
DA:97,1
DA:98,1
DA:99,1
DA:100,1
DA:108,1
DA:111,0
DA:115,0
DA:120,0
DA:125,0
DA:157,1
DA:158,1
LF:50
LH:29
BRDA:49,0,0,0
BRDA:49,0,1,0
BRDA:111,1,0,1
BRDA:111,1,1,1
BRDA:115,2,0,0
BRDA:115,2,1,0
BRDA:115,2,2,0
BRDA:120,3,0,1
BRDA:120,3,1,1
BRDA:125,4,0,0
BRDA:125,4,1,0
BRDA:125,4,2,0
BRF:12
BRH:4
end_of_record
TN:
SF:src/views/notFound/ErrorNotFound.vue
FN:45,render
FNF:1
FNH:1
FNDA:1,render
DA:4,1
DA:7,1
DA:23,1
DA:25,1
DA:28,1
DA:29,1
DA:30,1
DA:33,1
DA:38,1
DA:46,1
DA:47,1
DA:56,1
LF:12
LH:12
BRF:0
BRH:0
end_of_record
